#
# A fatal error has been detected by the Java Runtime Environment:
#
#  EXCEPTION_ACCESS_VIOLATION (0xc0000005) at pc=0x00007ffdb21c1a86, pid=3320, tid=2832
#
# JRE version: OpenJDK Runtime Environment (11.0.12+7) (build 11.0.12+7-b1504.28-7817840)
# Java VM: OpenJDK 64-Bit Server VM (11.0.12+7-b1504.28-7817840, mixed mode, tiered, compressed oops, g1 gc, windows-amd64)
# Problematic frame:
# V  [jvm.dll+0x191a86]
#
# No core dump will be written. Minidumps are not enabled by default on client versions of Windows
#
# If you would like to submit a bug report, please visit:
#   https://bugreport.java.com/bugreport/crash.jsp
#

---------------  S U M M A R Y ------------

Command Line: --add-opens=java.base/java.util=ALL-UNNAMED --add-opens=java.base/java.lang=ALL-UNNAMED --add-opens=java.base/java.lang.invoke=ALL-UNNAMED --add-opens=java.base/java.util=ALL-UNNAMED --add-opens=java.prefs/java.util.prefs=ALL-UNNAMED --add-opens=java.prefs/java.util.prefs=ALL-UNNAMED --add-opens=java.base/java.nio.charset=ALL-UNNAMED --add-opens=java.base/java.net=ALL-UNNAMED --add-opens=java.base/java.util.concurrent.atomic=ALL-UNNAMED -Xmx2048m -Dfile.encoding=UTF-8 -Duser.country=GB -Duser.language=en -Duser.variant org.gradle.launcher.daemon.bootstrap.GradleDaemon 7.3.3

Host: Intel(R) Core(TM) i5-4200M CPU @ 2.50GHz, 4 cores, 7G,  Windows 10 , 64 bit Build 22000 (10.0.22000.708)
Time: Fri Aug 26 08:56:28 2022 SE Asia Standard Time elapsed time: 27.785407 seconds (0d 0h 0m 27s)

---------------  T H R E A D  ---------------

Current thread (0x0000024a3f45c000):  ConcurrentGCThread "G1 Conc#0" [stack: 0x000000f44c100000,0x000000f44c200000] [id=2832]

Stack: [0x000000f44c100000,0x000000f44c200000],  sp=0x000000f44c1ff948,  free space=1022k
Native frames: (J=compiled Java code, j=interpreted, Vv=VM code, C=native code)
V  [jvm.dll+0x191a86]


siginfo: EXCEPTION_ACCESS_VIOLATION (0xc0000005), reading address 0x0000000003b00350


Register to memory mapping:

RIP=0x00007ffdb21c1a86 jvm.dll
RAX=0x0000000000000001 is an unknown value
RBX=0x0000000085099468 is pointing into object: [B 
{0x0000000085000000} - klass: {type array byte}
 - length: 1026044
RCX=0x0000000085099468 is pointing into object: [B 
{0x0000000085000000} - klass: {type array byte}
 - length: 1026044
RDX=0x0000000085099468 is pointing into object: [B 
{0x0000000085000000} - klass: {type array byte}
 - length: 1026044
RSP=0x000000f44c1ff948 points into unknown readable memory: 0x00007ffdb23122ea | ea 22 31 b2 fd 7f 00 00
RBP=0x0000024a3f4514c0 points into unknown readable memory: 0x0000024a3f45a000 | 00 a0 45 3f 4a 02 00 00
RSI=0x0000000000000001 is an unknown value
RDI=0x0 is NULL
R8 =0x0 is NULL
R9 =0x0000000003b00348 is an unknown value
R10=0x0000024a3f4514c0 points into unknown readable memory: 0x0000024a3f45a000 | 00 a0 45 3f 4a 02 00 00
R11=0x346dc5d63886594b is an unknown value
R12=0x000000000000000c is an unknown value
R13=0xaaaaaaaaaaaaaaab is an unknown value
R14=0x0 is NULL
R15=0x00000000859f6598 is an oop: java.lang.String 
{0x00000000859f6598} - klass: 'java/lang/String'


Registers:
RAX=0x0000000000000001, RBX=0x0000000085099468, RCX=0x0000000085099468, RDX=0x0000000085099468
RSP=0x000000f44c1ff948, RBP=0x0000024a3f4514c0, RSI=0x0000000000000001, RDI=0x0000000000000000
R8 =0x0000000000000000, R9 =0x0000000003b00348, R10=0x0000024a3f4514c0, R11=0x346dc5d63886594b
R12=0x000000000000000c, R13=0xaaaaaaaaaaaaaaab, R14=0x0000000000000000, R15=0x00000000859f6598
RIP=0x00007ffdb21c1a86, EFLAGS=0x0000000000010206

Top of Stack: (sp=0x000000f44c1ff948)
0x000000f44c1ff948:   00007ffdb23122ea 0000000085099468
0x000000f44c1ff958:   0000000100001a68 0000024a3f45dfd0
0x000000f44c1ff968:   0000000000000000 0000000100001a70
0x000000f44c1ff978:   00007ffdb2312196 0000000100001a68
0x000000f44c1ff988:   0000000085099468 0000024a3f45e070
0x000000f44c1ff998:   000000f44c1ffb88 0000000000000000
0x000000f44c1ff9a8:   00007ffdb2312241 00000000859f65a8
0x000000f44c1ff9b8:   00007ffdb2309fbd 0000000000000003
0x000000f44c1ff9c8:   00000000859f65a4 0000024a3f45e070
0x000000f44c1ff9d8:   00007ffdb2625bfc 000000f44c1ffb60
0x000000f44c1ff9e8:   0000024a3f45ca01 0000000100001808
0x000000f44c1ff9f8:   00007ffdb2309871 0000000000000003
0x000000f44c1ffa08:   000000f44c1ffb88 00000000859f6598
0x000000f44c1ffa18:   0000024a3f45ca01 00000000859f6598
0x000000f44c1ffa28:   00007ffdb2317d4f 0000024a3f45e070
0x000000f44c1ffa38:   0000000000b60000 0000000000000000 

Instructions: (pc=0x00007ffdb21c1a86)
0x00007ffdb21c1986:   48 89 5c 24 20 e8 f0 00 00 00 80 7f 30 00 48 63
0x00007ffdb21c1996:   c8 48 89 4c 24 28 0f 28 44 24 20 74 17 0f 11 86
0x00007ffdb21c19a6:   98 03 00 00 48 8b 5c 24 40 48 8b 74 24 48 48 83
0x00007ffdb21c19b6:   c4 30 5f c3 48 8b 07 48 8d 54 24 20 48 8b cf 66
0x00007ffdb21c19c6:   0f 7f 44 24 20 ff 50 38 48 8b 5c 24 40 48 8b 74
0x00007ffdb21c19d6:   24 48 48 83 c4 30 5f c3 cc cc 40 53 48 83 ec 30
0x00007ffdb21c19e6:   0f 10 82 98 03 00 00 48 8b da 0f 10 c8 66 0f 73
0x00007ffdb21c19f6:   d9 08 66 48 0f 7e c8 48 85 c0 74 28 48 8b 01 48
0x00007ffdb21c1a06:   8d 54 24 20 0f 29 44 24 20 ff 50 40 33 c0 48 89
0x00007ffdb21c1a16:   44 24 20 48 89 44 24 28 0f 10 44 24 20 0f 11 83
0x00007ffdb21c1a26:   98 03 00 00 48 83 c4 30 5b c3 48 8b 49 38 48 8b
0x00007ffdb21c1a36:   01 48 ff 60 28 cc cc cc cc cc 80 3d 91 a6 87 00
0x00007ffdb21c1a46:   00 48 8b c1 74 1b 8b 51 08 8b 0d 83 13 83 00 48
0x00007ffdb21c1a56:   d3 e2 48 8b c8 48 03 15 6e 13 83 00 e9 19 00 00
0x00007ffdb21c1a66:   00 48 8b 51 08 48 8b c8 e9 0d 00 00 00 cc cc cc
0x00007ffdb21c1a76:   cc cc cc cc cc cc cc cc cc cc 4c 8b ca 48 8b d1
0x00007ffdb21c1a86:   45 8b 41 08 45 85 c0 7e 0e 41 f6 c0 01 75 59 41
0x00007ffdb21c1a96:   c1 f8 03 41 8b c0 c3 79 4f 80 3d 32 a6 87 00 00
0x00007ffdb21c1aa6:   b8 0c 00 00 00 b9 10 00 00 00 0f 45 c8 8b 05 ab
0x00007ffdb21c1ab6:   5c 81 00 ff c8 4c 63 c8 48 63 c1 41 8b c8 83 e1
0x00007ffdb21c1ac6:   3f 48 63 14 10 41 8b c0 48 c1 f8 10 0f b6 c0 48
0x00007ffdb21c1ad6:   d3 e2 49 8d 0c 11 49 f7 d1 48 03 c1 49 c1 e9 03
0x00007ffdb21c1ae6:   48 c1 e8 03 41 23 c1 c3 49 8b 01 49 8b c9 48 ff
0x00007ffdb21c1af6:   a0 10 01 00 00 cc cc cc cc cc 48 83 ec 38 0f 10
0x00007ffdb21c1b06:   02 48 8b 49 38 48 8d 54 24 20 0f 29 44 24 20 e8
0x00007ffdb21c1b16:   66 f0 ff ff 48 83 c4 38 c3 cc 48 89 5c 24 08 55
0x00007ffdb21c1b26:   56 57 41 54 41 55 41 56 41 57 48 8d 6c 24 e0 48
0x00007ffdb21c1b36:   81 ec 20 01 00 00 48 8b 05 7d 99 84 00 48 33 c4
0x00007ffdb21c1b46:   48 89 45 10 48 8b 05 ff 0f 87 00 45 33 ed 4c 8b
0x00007ffdb21c1b56:   b5 80 00 00 00 4c 8b fa 48 8b bd 88 00 00 00 4d
0x00007ffdb21c1b66:   8b c6 49 8b d6 49 8b f1 48 8b 48 38 48 8b 59 48
0x00007ffdb21c1b76:   49 8b cf c7 45 c0 ff ff ff ff 44 89 6d d4 4c 89 


Stack slot to memory mapping:
stack at sp + 0 slots: 0x00007ffdb23122ea jvm.dll
stack at sp + 1 slots: 0x0000000085099468 is pointing into object: [B 
{0x0000000085000000} - klass: {type array byte}
 - length: 1026044
stack at sp + 2 slots: 0x0000000100001a68 is pointing into metadata
stack at sp + 3 slots: 0x0000024a3f45dfd0 points into unknown readable memory: 0x0000024a000000c0 | c0 00 00 00 4a 02 00 00
stack at sp + 4 slots: 0x0 is NULL
stack at sp + 5 slots: 0x0000000100001a70 is a pointer to class: 
java.lang.reflect.AnnotatedElement {0x0000000100001a78}
stack at sp + 6 slots: 0x00007ffdb2312196 jvm.dll
stack at sp + 7 slots: 0x0000000100001a68 is pointing into metadata


---------------  P R O C E S S  ---------------

Threads class SMR info:
_java_thread_list=0x0000024a630f23b0, length=87, elements={
0x0000024a3f40f000, 0x0000024a5af72800, 0x0000024a5af76000, 0x0000024a5b912800,
0x0000024a5af94800, 0x0000024a5af95800, 0x0000024a5af97000, 0x0000024a5af9e000,
0x0000024a5afa3000, 0x0000024a5ba60000, 0x0000024a5d37b800, 0x0000024a5bcc6800,
0x0000024a5d006000, 0x0000024a5e187800, 0x0000024a5e432000, 0x0000024a5e1e5000,
0x0000024a5e8f0000, 0x0000024a5c4d8800, 0x0000024a5ccca800, 0x0000024a5de5c000,
0x0000024a5de5e000, 0x0000024a5de5b800, 0x0000024a5de5d000, 0x0000024a5de5e800,
0x0000024a5de59000, 0x0000024a5de5f800, 0x0000024a5de5a000, 0x0000024a5de5a800,
0x0000024a5f0bc800, 0x0000024a5f0c0800, 0x0000024a5f0c3000, 0x0000024a5f0bd000,
0x0000024a5f0c5800, 0x0000024a5f0c7000, 0x0000024a5f0c4800, 0x0000024a5f0c6000,
0x0000024a5f0c8000, 0x0000024a5f0c2000, 0x0000024a5f0c3800, 0x0000024a5f0c8800,
0x0000024a5f0c9800, 0x0000024a5f0ca800, 0x0000024a5f0cb000, 0x0000024a60d5c800,
0x0000024a60d59000, 0x0000024a60d5b800, 0x0000024a60d5d000, 0x0000024a60d5a800,
0x0000024a60d58000, 0x0000024a60d57800, 0x0000024a60d5f800, 0x0000024a60d5e000,
0x0000024a60d5f000, 0x0000024a60d5a000, 0x0000024a60d63000, 0x0000024a60d63800,
0x0000024a60d66000, 0x0000024a60d64800, 0x0000024a60d62000, 0x0000024a60d65800,
0x0000024a60d60800, 0x0000024a60d61000, 0x0000024a5d6c4000, 0x0000024a5d6c6800,
0x0000024a5d6c4800, 0x0000024a5d6c7000, 0x0000024a5d6c3000, 0x0000024a5d6c8000,
0x0000024a5d6c5800, 0x0000024a5d6c2000, 0x0000024a5d6cd800, 0x0000024a5d6cc000,
0x0000024a5d6cd000, 0x0000024a5d6ca800, 0x0000024a5d6c8800, 0x0000024a5d6ce800,
0x0000024a5d6cf000, 0x0000024a5d6c9800, 0x0000024a5d6d1000, 0x0000024a5d6cb000,
0x0000024a5efaa000, 0x0000024a5efa8000, 0x0000024a5efab800, 0x0000024a5efaa800,
0x0000024a5efa7800, 0x0000024a5efac800, 0x0000024a64fca000
}

Java Threads: ( => current thread )
  0x0000024a3f40f000 JavaThread "main" [_thread_blocked, id=12216, stack(0x000000f44be00000,0x000000f44bf00000)]
  0x0000024a5af72800 JavaThread "Reference Handler" daemon [_thread_blocked, id=7632, stack(0x000000f44c500000,0x000000f44c600000)]
  0x0000024a5af76000 JavaThread "Finalizer" daemon [_thread_blocked, id=13720, stack(0x000000f44c600000,0x000000f44c700000)]
  0x0000024a5b912800 JavaThread "Signal Dispatcher" daemon [_thread_blocked, id=8636, stack(0x000000f44c700000,0x000000f44c800000)]
  0x0000024a5af94800 JavaThread "Attach Listener" daemon [_thread_blocked, id=9828, stack(0x000000f44c800000,0x000000f44c900000)]
  0x0000024a5af95800 JavaThread "Service Thread" daemon [_thread_blocked, id=13140, stack(0x000000f44c900000,0x000000f44ca00000)]
  0x0000024a5af97000 JavaThread "C2 CompilerThread0" daemon [_thread_in_native, id=4648, stack(0x000000f44ca00000,0x000000f44cb00000)]
  0x0000024a5af9e000 JavaThread "C1 CompilerThread0" daemon [_thread_blocked, id=14296, stack(0x000000f44cb00000,0x000000f44cc00000)]
  0x0000024a5afa3000 JavaThread "Sweeper thread" daemon [_thread_blocked, id=7308, stack(0x000000f44cc00000,0x000000f44cd00000)]
  0x0000024a5ba60000 JavaThread "Common-Cleaner" daemon [_thread_blocked, id=3440, stack(0x000000f44cd00000,0x000000f44ce00000)]
  0x0000024a5d37b800 JavaThread "Daemon health stats" [_thread_blocked, id=1784, stack(0x000000f44d200000,0x000000f44d300000)]
  0x0000024a5bcc6800 JavaThread "Incoming local TCP Connector on port 2165" [_thread_in_native, id=700, stack(0x000000f44cf00000,0x000000f44d000000)]
  0x0000024a5d006000 JavaThread "Daemon periodic checks" [_thread_blocked, id=2544, stack(0x000000f44d400000,0x000000f44d500000)]
  0x0000024a5e187800 JavaThread "Daemon" [_thread_blocked, id=5208, stack(0x000000f44d500000,0x000000f44d600000)]
  0x0000024a5e432000 JavaThread "Handler for socket connection from /127.0.0.1:2165 to /127.0.0.1:2166" [_thread_in_native, id=11048, stack(0x000000f44d600000,0x000000f44d700000)]
  0x0000024a5e1e5000 JavaThread "Cancel handler" [_thread_blocked, id=9156, stack(0x000000f44d700000,0x000000f44d800000)]
  0x0000024a5e8f0000 JavaThread "Daemon worker" [_thread_in_vm, id=10044, stack(0x000000f44d800000,0x000000f44d900000)]
  0x0000024a5c4d8800 JavaThread "Asynchronous log dispatcher for DefaultDaemonConnection: socket connection from /127.0.0.1:2165 to /127.0.0.1:2166" [_thread_blocked, id=5172, stack(0x000000f44d900000,0x000000f44da00000)]
  0x0000024a5ccca800 JavaThread "Stdin handler" [_thread_blocked, id=7560, stack(0x000000f44da00000,0x000000f44db00000)]
  0x0000024a5de5c000 JavaThread "Daemon client event forwarder" [_thread_blocked, id=2436, stack(0x000000f44db00000,0x000000f44dc00000)]
  0x0000024a5de5e000 JavaThread "Cache worker for journal cache (C:\Users\Quy\.gradle\caches\journal-1)" [_thread_blocked, id=7680, stack(0x000000f44dd00000,0x000000f44de00000)]
  0x0000024a5de5b800 JavaThread "File lock request listener" [_thread_in_native, id=7220, stack(0x000000f44de00000,0x000000f44df00000)]
  0x0000024a5de5d000 JavaThread "Cache worker for file hash cache (C:\Users\Quy\.gradle\caches\7.3.3\fileHashes)" [_thread_blocked, id=3524, stack(0x000000f44df00000,0x000000f44e000000)]
  0x0000024a5de5e800 JavaThread "Cache worker for file hash cache (D:\OneDrive - quypcinc\Ghi_chu_X\NoteX\.gradle\7.3.3\fileHashes)" [_thread_blocked, id=11488, stack(0x000000f44e000000,0x000000f44e100000)]
  0x0000024a5de59000 JavaThread "File watcher server" daemon [_thread_in_native, id=8840, stack(0x000000f44e100000,0x000000f44e200000)]
  0x0000024a5de5f800 JavaThread "File watcher consumer" daemon [_thread_blocked, id=6620, stack(0x000000f44e200000,0x000000f44e300000)]
  0x0000024a5de5a000 JavaThread "Cache worker for checksums cache (D:\OneDrive - quypcinc\Ghi_chu_X\NoteX\.gradle\7.3.3\checksums)" [_thread_blocked, id=3556, stack(0x000000f44e300000,0x000000f44e400000)]
  0x0000024a5de5a800 JavaThread "Cache worker for cache directory md-supplier (C:\Users\Quy\.gradle\caches\7.3.3\md-supplier)" [_thread_blocked, id=4056, stack(0x000000f44e400000,0x000000f44e500000)]
  0x0000024a5f0bc800 JavaThread "Cache worker for cache directory md-rule (C:\Users\Quy\.gradle\caches\7.3.3\md-rule)" [_thread_blocked, id=11120, stack(0x000000f44e500000,0x000000f44e600000)]
  0x0000024a5f0c0800 JavaThread "Cache worker for execution history cache (C:\Users\Quy\.gradle\caches\7.3.3\executionHistory)" [_thread_blocked, id=3988, stack(0x000000f44e600000,0x000000f44e700000)]
  0x0000024a5f0c3000 JavaThread "jar transforms" [_thread_blocked, id=2708, stack(0x000000f44e700000,0x000000f44e800000)]
  0x0000024a5f0bd000 JavaThread "Cache worker for file content cache (C:\Users\Quy\.gradle\caches\7.3.3\fileContent)" [_thread_blocked, id=4504, stack(0x000000f44e800000,0x000000f44e900000)]
  0x0000024a5f0c5800 JavaThread "jar transforms Thread 2" [_thread_blocked, id=1352, stack(0x000000f44e900000,0x000000f44ea00000)]
  0x0000024a5f0c7000 JavaThread "Cache worker for dependencies-accessors (D:\OneDrive - quypcinc\Ghi_chu_X\NoteX\.gradle\7.3.3\dependencies-accessors)" [_thread_blocked, id=2696, stack(0x000000f44ea00000,0x000000f44eb00000)]
  0x0000024a5f0c4800 JavaThread "jar transforms Thread 3" [_thread_blocked, id=14316, stack(0x000000f44eb00000,0x000000f44ec00000)]
  0x0000024a5f0c6000 JavaThread "Cache worker for Build Output Cleanup Cache (D:\OneDrive - quypcinc\Ghi_chu_X\NoteX\.gradle\buildOutputCleanup)" [_thread_blocked, id=10180, stack(0x000000f44d300000,0x000000f44d400000)]
  0x0000024a5f0c8000 JavaThread "Unconstrained build operations" [_thread_blocked, id=7312, stack(0x000000f44ed00000,0x000000f44ee00000)]
  0x0000024a5f0c2000 JavaThread "Unconstrained build operations Thread 2" [_thread_blocked, id=5012, stack(0x000000f44ee00000,0x000000f44ef00000)]
  0x0000024a5f0c3800 JavaThread "Unconstrained build operations Thread 3" [_thread_blocked, id=5492, stack(0x000000f44ef00000,0x000000f44f000000)]
  0x0000024a5f0c8800 JavaThread "Unconstrained build operations Thread 4" [_thread_blocked, id=13384, stack(0x000000f44f000000,0x000000f44f100000)]
  0x0000024a5f0c9800 JavaThread "Unconstrained build operations Thread 5" [_thread_blocked, id=5160, stack(0x000000f44f100000,0x000000f44f200000)]
  0x0000024a5f0ca800 JavaThread "Unconstrained build operations Thread 6" [_thread_blocked, id=10208, stack(0x000000f44f200000,0x000000f44f300000)]
  0x0000024a5f0cb000 JavaThread "Unconstrained build operations Thread 7" [_thread_blocked, id=11728, stack(0x000000f44f300000,0x000000f44f400000)]
  0x0000024a60d5c800 JavaThread "Unconstrained build operations Thread 8" [_thread_blocked, id=6544, stack(0x000000f44f400000,0x000000f44f500000)]
  0x0000024a60d59000 JavaThread "Unconstrained build operations Thread 9" [_thread_blocked, id=6288, stack(0x000000f44f500000,0x000000f44f600000)]
  0x0000024a60d5b800 JavaThread "Unconstrained build operations Thread 10" [_thread_blocked, id=11700, stack(0x000000f44f600000,0x000000f44f700000)]
  0x0000024a60d5d000 JavaThread "Unconstrained build operations Thread 11" [_thread_blocked, id=12840, stack(0x000000f44f700000,0x000000f44f800000)]
  0x0000024a60d5a800 JavaThread "Unconstrained build operations Thread 12" [_thread_blocked, id=1848, stack(0x000000f44f800000,0x000000f44f900000)]
  0x0000024a60d58000 JavaThread "Unconstrained build operations Thread 13" [_thread_blocked, id=5224, stack(0x000000f44f900000,0x000000f44fa00000)]
  0x0000024a60d57800 JavaThread "Unconstrained build operations Thread 14" [_thread_blocked, id=13648, stack(0x000000f44fa00000,0x000000f44fb00000)]
  0x0000024a60d5f800 JavaThread "Unconstrained build operations Thread 15" [_thread_blocked, id=2828, stack(0x000000f44fb00000,0x000000f44fc00000)]
  0x0000024a60d5e000 JavaThread "Unconstrained build operations Thread 16" [_thread_blocked, id=7824, stack(0x000000f44fc00000,0x000000f44fd00000)]
  0x0000024a60d5f000 JavaThread "Unconstrained build operations Thread 17" [_thread_blocked, id=3004, stack(0x000000f44fd00000,0x000000f44fe00000)]
  0x0000024a60d5a000 JavaThread "Unconstrained build operations Thread 18" [_thread_blocked, id=6856, stack(0x000000f44fe00000,0x000000f44ff00000)]
  0x0000024a60d63000 JavaThread "Unconstrained build operations Thread 19" [_thread_blocked, id=11664, stack(0x000000f44ff00000,0x000000f450000000)]
  0x0000024a60d63800 JavaThread "Unconstrained build operations Thread 20" [_thread_blocked, id=12172, stack(0x000000f450000000,0x000000f450100000)]
  0x0000024a60d66000 JavaThread "Unconstrained build operations Thread 21" [_thread_blocked, id=11732, stack(0x000000f450100000,0x000000f450200000)]
  0x0000024a60d64800 JavaThread "Unconstrained build operations Thread 22" [_thread_blocked, id=10804, stack(0x000000f450200000,0x000000f450300000)]
  0x0000024a60d62000 JavaThread "Unconstrained build operations Thread 23" [_thread_blocked, id=13160, stack(0x000000f450300000,0x000000f450400000)]
  0x0000024a60d65800 JavaThread "Unconstrained build operations Thread 24" [_thread_blocked, id=7612, stack(0x000000f450400000,0x000000f450500000)]
  0x0000024a60d60800 JavaThread "Unconstrained build operations Thread 25" [_thread_blocked, id=6312, stack(0x000000f450500000,0x000000f450600000)]
  0x0000024a60d61000 JavaThread "Unconstrained build operations Thread 26" [_thread_blocked, id=9436, stack(0x000000f450600000,0x000000f450700000)]
  0x0000024a5d6c4000 JavaThread "Unconstrained build operations Thread 27" [_thread_blocked, id=3084, stack(0x000000f450700000,0x000000f450800000)]
  0x0000024a5d6c6800 JavaThread "Unconstrained build operations Thread 28" [_thread_blocked, id=11744, stack(0x000000f450800000,0x000000f450900000)]
  0x0000024a5d6c4800 JavaThread "Unconstrained build operations Thread 29" [_thread_blocked, id=7252, stack(0x000000f450900000,0x000000f450a00000)]
  0x0000024a5d6c7000 JavaThread "Unconstrained build operations Thread 30" [_thread_blocked, id=5180, stack(0x000000f450a00000,0x000000f450b00000)]
  0x0000024a5d6c3000 JavaThread "Unconstrained build operations Thread 31" [_thread_blocked, id=8984, stack(0x000000f450b00000,0x000000f450c00000)]
  0x0000024a5d6c8000 JavaThread "Unconstrained build operations Thread 32" [_thread_blocked, id=3704, stack(0x000000f450c00000,0x000000f450d00000)]
  0x0000024a5d6c5800 JavaThread "Unconstrained build operations Thread 33" [_thread_blocked, id=13356, stack(0x000000f450d00000,0x000000f450e00000)]
  0x0000024a5d6c2000 JavaThread "Unconstrained build operations Thread 34" [_thread_blocked, id=1616, stack(0x000000f450e00000,0x000000f450f00000)]
  0x0000024a5d6cd800 JavaThread "Unconstrained build operations Thread 35" [_thread_blocked, id=1472, stack(0x000000f450f00000,0x000000f451000000)]
  0x0000024a5d6cc000 JavaThread "Unconstrained build operations Thread 36" [_thread_blocked, id=11748, stack(0x000000f451000000,0x000000f451100000)]
  0x0000024a5d6cd000 JavaThread "Unconstrained build operations Thread 37" [_thread_blocked, id=13276, stack(0x000000f451100000,0x000000f451200000)]
  0x0000024a5d6ca800 JavaThread "Unconstrained build operations Thread 38" [_thread_blocked, id=10828, stack(0x000000f451200000,0x000000f451300000)]
  0x0000024a5d6c8800 JavaThread "Unconstrained build operations Thread 39" [_thread_blocked, id=4464, stack(0x000000f451300000,0x000000f451400000)]
  0x0000024a5d6ce800 JavaThread "Unconstrained build operations Thread 40" [_thread_blocked, id=5480, stack(0x000000f451400000,0x000000f451500000)]
  0x0000024a5d6cf000 JavaThread "jar transforms Thread 4" [_thread_blocked, id=2600, stack(0x000000f451500000,0x000000f451600000)]
  0x0000024a5d6c9800 JavaThread "Memory manager" [_thread_blocked, id=13036, stack(0x000000f451600000,0x000000f451700000)]
  0x0000024a5d6d1000 JavaThread "build event listener" [_thread_blocked, id=7728, stack(0x000000f451700000,0x000000f451800000)]
  0x0000024a5d6cb000 JavaThread "pool-3-thread-1" [_thread_blocked, id=7200, stack(0x000000f451800000,0x000000f451900000)]
  0x0000024a5efaa000 JavaThread "build event listener" [_thread_blocked, id=4016, stack(0x000000f451900000,0x000000f451a00000)]
  0x0000024a5efa8000 JavaThread "Execution worker for ':'" [_thread_blocked, id=13464, stack(0x000000f451a00000,0x000000f451b00000)]
  0x0000024a5efab800 JavaThread "Execution worker for ':' Thread 2" [_thread_blocked, id=10716, stack(0x000000f451b00000,0x000000f451c00000)]
  0x0000024a5efaa800 JavaThread "Execution worker for ':' Thread 3" [_thread_blocked, id=9232, stack(0x000000f451c00000,0x000000f451d00000)]
  0x0000024a5efa7800 JavaThread "Cache worker for execution history cache (D:\OneDrive - quypcinc\Ghi_chu_X\NoteX\.gradle\7.3.3\executionHistory)" [_thread_blocked, id=12916, stack(0x000000f451d00000,0x000000f451e00000)]
  0x0000024a5efac800 JavaThread "WorkerExecutor Queue" [_thread_blocked, id=11972, stack(0x000000f451e00000,0x000000f451f00000)]
  0x0000024a64fca000 JavaThread "C2 CompilerThread1" daemon [_thread_blocked, id=10220, stack(0x000000f44ec00000,0x000000f44ed00000)]

Other Threads:
  0x0000024a5af6e000 VMThread "VM Thread" [stack: 0x000000f44c400000,0x000000f44c500000] [id=6712]
  0x0000024a5ba75800 WatcherThread [stack: 0x000000f44ce00000,0x000000f44cf00000] [id=1948]
  0x0000024a3f427800 GCTaskThread "GC Thread#0" [stack: 0x000000f44bf00000,0x000000f44c000000] [id=6588]
  0x0000024a5c1b5000 GCTaskThread "GC Thread#1" [stack: 0x000000f44d000000,0x000000f44d100000] [id=6916]
  0x0000024a5c1be000 GCTaskThread "GC Thread#2" [stack: 0x000000f44d100000,0x000000f44d200000] [id=8176]
  0x0000024a5e8be800 GCTaskThread "GC Thread#3" [stack: 0x000000f44dc00000,0x000000f44dd00000] [id=6264]
  0x0000024a3f45a000 ConcurrentGCThread "G1 Main Marker" [stack: 0x000000f44c000000,0x000000f44c100000] [id=7128]
=>0x0000024a3f45c000 ConcurrentGCThread "G1 Conc#0" [stack: 0x000000f44c100000,0x000000f44c200000] [id=2832]
  0x0000024a3f4eb000 ConcurrentGCThread "G1 Refine#0" [stack: 0x000000f44c200000,0x000000f44c300000] [id=10496]
  0x0000024a3f4ee000 ConcurrentGCThread "G1 Young RemSet Sampling" [stack: 0x000000f44c300000,0x000000f44c400000] [id=12060]

Threads with active compile tasks:
C2 CompilerThread0  27841 12164       4       com.android.utils.XmlUtils::append (645 bytes)

VM state:not at safepoint (normal execution)

VM Mutex/Monitor currently owned by a thread: None

Heap address: 0x0000000080000000, size: 2048 MB, Compressed Oops mode: 32-bit
Narrow klass base: 0x0000000000000000, Narrow klass shift: 3
Compressed class space size: 1073741824 Address: 0x0000000100000000

Heap:
 garbage-first heap   total 227328K, used 138752K [0x0000000080000000, 0x0000000100000000)
  region size 1024K, 11 young (11264K), 9 survivors (9216K)
 Metaspace       used 95016K, capacity 97139K, committed 97228K, reserved 1134592K
  class space    used 12129K, capacity 12950K, committed 13004K, reserved 1048576K
Heap Regions: E=young(eden), S=young(survivor), O=old, HS=humongous(starts), HC=humongous(continues), CS=collection set, F=free, A=archive, TAMS=top-at-mark-start (previous, next)
|   0|0x0000000080000000, 0x0000000080100000, 0x0000000080100000|100%| O|  |TAMS 0x0000000080100000, 0x0000000080100000| Untracked 
|   1|0x0000000080100000, 0x0000000080200000, 0x0000000080200000|100%| O|  |TAMS 0x0000000080200000, 0x0000000080200000| Untracked 
|   2|0x0000000080200000, 0x0000000080300000, 0x0000000080300000|100%| O|  |TAMS 0x0000000080300000, 0x0000000080300000| Untracked 
|   3|0x0000000080300000, 0x0000000080400000, 0x0000000080400000|100%|HS|  |TAMS 0x0000000080400000, 0x0000000080400000| Complete 
|   4|0x0000000080400000, 0x0000000080500000, 0x0000000080500000|100%|HC|  |TAMS 0x0000000080500000, 0x0000000080500000| Complete 
|   5|0x0000000080500000, 0x0000000080600000, 0x0000000080600000|100%|HC|  |TAMS 0x0000000080600000, 0x0000000080600000| Complete 
|   6|0x0000000080600000, 0x0000000080700000, 0x0000000080700000|100%| O|  |TAMS 0x0000000080700000, 0x0000000080700000| Untracked 
|   7|0x0000000080700000, 0x0000000080800000, 0x0000000080800000|100%| O|  |TAMS 0x0000000080800000, 0x0000000080800000| Untracked 
|   8|0x0000000080800000, 0x0000000080900000, 0x0000000080900000|100%| O|  |TAMS 0x0000000080900000, 0x0000000080900000| Untracked 
|   9|0x0000000080900000, 0x0000000080a00000, 0x0000000080a00000|100%| O|  |TAMS 0x0000000080a00000, 0x0000000080a00000| Untracked 
|  10|0x0000000080a00000, 0x0000000080b00000, 0x0000000080b00000|100%| O|  |TAMS 0x0000000080b00000, 0x0000000080b00000| Untracked 
|  11|0x0000000080b00000, 0x0000000080c00000, 0x0000000080c00000|100%| O|  |TAMS 0x0000000080c00000, 0x0000000080c00000| Untracked 
|  12|0x0000000080c00000, 0x0000000080d00000, 0x0000000080d00000|100%| O|  |TAMS 0x0000000080d00000, 0x0000000080d00000| Untracked 
|  13|0x0000000080d00000, 0x0000000080e00000, 0x0000000080e00000|100%| O|  |TAMS 0x0000000080e00000, 0x0000000080e00000| Untracked 
|  14|0x0000000080e00000, 0x0000000080f00000, 0x0000000080f00000|100%| O|  |TAMS 0x0000000080f00000, 0x0000000080f00000| Untracked 
|  15|0x0000000080f00000, 0x0000000081000000, 0x0000000081000000|100%| O|  |TAMS 0x0000000081000000, 0x0000000081000000| Untracked 
|  16|0x0000000081000000, 0x0000000081100000, 0x0000000081100000|100%|HS|  |TAMS 0x0000000081100000, 0x0000000081100000| Complete 
|  17|0x0000000081100000, 0x0000000081200000, 0x0000000081200000|100%| O|  |TAMS 0x0000000081200000, 0x0000000081200000| Untracked 
|  18|0x0000000081200000, 0x0000000081300000, 0x0000000081300000|100%| O|  |TAMS 0x0000000081300000, 0x0000000081300000| Untracked 
|  19|0x0000000081300000, 0x0000000081400000, 0x0000000081400000|100%| O|  |TAMS 0x0000000081400000, 0x0000000081400000| Untracked 
|  20|0x0000000081400000, 0x0000000081500000, 0x0000000081500000|100%| O|  |TAMS 0x0000000081500000, 0x0000000081500000| Untracked 
|  21|0x0000000081500000, 0x0000000081600000, 0x0000000081600000|100%| O|  |TAMS 0x0000000081600000, 0x0000000081600000| Untracked 
|  22|0x0000000081600000, 0x0000000081700000, 0x0000000081700000|100%| O|  |TAMS 0x0000000081700000, 0x0000000081700000| Untracked 
|  23|0x0000000081700000, 0x0000000081800000, 0x0000000081800000|100%|HS|  |TAMS 0x0000000081800000, 0x0000000081800000| Complete 
|  24|0x0000000081800000, 0x0000000081900000, 0x0000000081900000|100%|HS|  |TAMS 0x0000000081900000, 0x0000000081900000| Complete 
|  25|0x0000000081900000, 0x0000000081a00000, 0x0000000081a00000|100%|HS|  |TAMS 0x0000000081a00000, 0x0000000081a00000| Complete 
|  26|0x0000000081a00000, 0x0000000081b00000, 0x0000000081b00000|100%|HC|  |TAMS 0x0000000081b00000, 0x0000000081b00000| Complete 
|  27|0x0000000081b00000, 0x0000000081c00000, 0x0000000081c00000|100%|HC|  |TAMS 0x0000000081c00000, 0x0000000081c00000| Complete 
|  28|0x0000000081c00000, 0x0000000081d00000, 0x0000000081d00000|100%|HS|  |TAMS 0x0000000081d00000, 0x0000000081d00000| Complete 
|  29|0x0000000081d00000, 0x0000000081e00000, 0x0000000081e00000|100%|HC|  |TAMS 0x0000000081e00000, 0x0000000081e00000| Complete 
|  30|0x0000000081e00000, 0x0000000081f00000, 0x0000000081f00000|100%| O|  |TAMS 0x0000000081f00000, 0x0000000081f00000| Untracked 
|  31|0x0000000081f00000, 0x0000000082000000, 0x0000000082000000|100%| O|  |TAMS 0x0000000082000000, 0x0000000082000000| Untracked 
|  32|0x0000000082000000, 0x0000000082100000, 0x0000000082100000|100%| O|  |TAMS 0x0000000082100000, 0x0000000082100000| Untracked 
|  33|0x0000000082100000, 0x0000000082200000, 0x0000000082200000|100%| O|  |TAMS 0x0000000082200000, 0x0000000082200000| Untracked 
|  34|0x0000000082200000, 0x0000000082300000, 0x0000000082300000|100%| O|  |TAMS 0x0000000082300000, 0x0000000082300000| Untracked 
|  35|0x0000000082300000, 0x0000000082400000, 0x0000000082400000|100%| O|  |TAMS 0x0000000082400000, 0x0000000082400000| Untracked 
|  36|0x0000000082400000, 0x0000000082500000, 0x0000000082500000|100%| O|  |TAMS 0x0000000082500000, 0x0000000082500000| Untracked 
|  37|0x0000000082500000, 0x0000000082600000, 0x0000000082600000|100%| O|  |TAMS 0x0000000082600000, 0x0000000082600000| Untracked 
|  38|0x0000000082600000, 0x0000000082700000, 0x0000000082700000|100%| O|  |TAMS 0x0000000082700000, 0x0000000082700000| Untracked 
|  39|0x0000000082700000, 0x0000000082800000, 0x0000000082800000|100%| O|  |TAMS 0x0000000082800000, 0x0000000082800000| Untracked 
|  40|0x0000000082800000, 0x0000000082900000, 0x0000000082900000|100%| O|  |TAMS 0x0000000082900000, 0x0000000082900000| Untracked 
|  41|0x0000000082900000, 0x0000000082a00000, 0x0000000082a00000|100%| O|  |TAMS 0x0000000082a00000, 0x0000000082a00000| Untracked 
|  42|0x0000000082a00000, 0x0000000082b00000, 0x0000000082b00000|100%| O|  |TAMS 0x0000000082b00000, 0x0000000082b00000| Untracked 
|  43|0x0000000082b00000, 0x0000000082c00000, 0x0000000082c00000|100%| O|  |TAMS 0x0000000082c00000, 0x0000000082c00000| Untracked 
|  44|0x0000000082c00000, 0x0000000082d00000, 0x0000000082d00000|100%| O|  |TAMS 0x0000000082d00000, 0x0000000082d00000| Untracked 
|  45|0x0000000082d00000, 0x0000000082e00000, 0x0000000082e00000|100%| O|  |TAMS 0x0000000082e00000, 0x0000000082e00000| Untracked 
|  46|0x0000000082e00000, 0x0000000082f00000, 0x0000000082f00000|100%| O|  |TAMS 0x0000000082f00000, 0x0000000082f00000| Untracked 
|  47|0x0000000082f00000, 0x0000000083000000, 0x0000000083000000|100%| O|  |TAMS 0x0000000083000000, 0x0000000083000000| Untracked 
|  48|0x0000000083000000, 0x0000000083100000, 0x0000000083100000|100%| O|  |TAMS 0x0000000083100000, 0x0000000083100000| Untracked 
|  49|0x0000000083100000, 0x0000000083200000, 0x0000000083200000|100%| O|  |TAMS 0x0000000083200000, 0x0000000083200000| Untracked 
|  50|0x0000000083200000, 0x0000000083300000, 0x0000000083300000|100%| O|  |TAMS 0x0000000083200000, 0x0000000083300000| Untracked 
|  51|0x0000000083300000, 0x0000000083400000, 0x0000000083400000|100%| O|  |TAMS 0x0000000083300000, 0x0000000083400000| Untracked 
|  52|0x0000000083400000, 0x0000000083500000, 0x0000000083500000|100%| O|  |TAMS 0x0000000083400000, 0x0000000083500000| Untracked 
|  53|0x0000000083500000, 0x0000000083600000, 0x0000000083600000|100%| O|  |TAMS 0x0000000083500000, 0x0000000083600000| Untracked 
|  54|0x0000000083600000, 0x0000000083700000, 0x0000000083700000|100%| O|  |TAMS 0x0000000083600000, 0x0000000083700000| Untracked 
|  55|0x0000000083700000, 0x0000000083800000, 0x0000000083800000|100%| O|  |TAMS 0x0000000083700000, 0x0000000083800000| Untracked 
|  56|0x0000000083800000, 0x0000000083900000, 0x0000000083900000|100%| O|  |TAMS 0x0000000083800000, 0x0000000083900000| Untracked 
|  57|0x0000000083900000, 0x0000000083a00000, 0x0000000083a00000|100%| O|  |TAMS 0x0000000083900000, 0x0000000083a00000| Untracked 
|  58|0x0000000083a00000, 0x0000000083b00000, 0x0000000083b00000|100%| O|  |TAMS 0x0000000083a00000, 0x0000000083b00000| Untracked 
|  59|0x0000000083b00000, 0x0000000083c00000, 0x0000000083c00000|100%| O|  |TAMS 0x0000000083b00000, 0x0000000083c00000| Untracked 
|  60|0x0000000083c00000, 0x0000000083d00000, 0x0000000083d00000|100%| O|  |TAMS 0x0000000083c00000, 0x0000000083d00000| Untracked 
|  61|0x0000000083d00000, 0x0000000083e00000, 0x0000000083e00000|100%| O|  |TAMS 0x0000000083d00000, 0x0000000083e00000| Untracked 
|  62|0x0000000083e00000, 0x0000000083f00000, 0x0000000083f00000|100%| O|  |TAMS 0x0000000083e00000, 0x0000000083f00000| Untracked 
|  63|0x0000000083f00000, 0x0000000084000000, 0x0000000084000000|100%| O|  |TAMS 0x0000000083f00000, 0x0000000084000000| Untracked 
|  64|0x0000000084000000, 0x0000000084100000, 0x0000000084100000|100%| O|  |TAMS 0x0000000084000000, 0x0000000084100000| Untracked 
|  65|0x0000000084100000, 0x0000000084200000, 0x0000000084200000|100%| O|  |TAMS 0x0000000084100000, 0x0000000084200000| Untracked 
|  66|0x0000000084200000, 0x0000000084300000, 0x0000000084300000|100%| O|  |TAMS 0x0000000084200000, 0x0000000084300000| Untracked 
|  67|0x0000000084300000, 0x0000000084400000, 0x0000000084400000|100%| O|  |TAMS 0x0000000084300000, 0x0000000084400000| Untracked 
|  68|0x0000000084400000, 0x0000000084500000, 0x0000000084500000|100%| O|  |TAMS 0x0000000084400000, 0x0000000084500000| Untracked 
|  69|0x0000000084500000, 0x0000000084600000, 0x0000000084600000|100%| O|  |TAMS 0x0000000084500000, 0x0000000084600000| Untracked 
|  70|0x0000000084600000, 0x0000000084700000, 0x0000000084700000|100%| O|  |TAMS 0x0000000084600000, 0x0000000084700000| Untracked 
|  71|0x0000000084700000, 0x0000000084800000, 0x0000000084800000|100%| O|  |TAMS 0x0000000084700000, 0x0000000084800000| Untracked 
|  72|0x0000000084800000, 0x0000000084900000, 0x0000000084900000|100%| O|  |TAMS 0x0000000084800000, 0x0000000084900000| Untracked 
|  73|0x0000000084900000, 0x0000000084a00000, 0x0000000084a00000|100%| O|  |TAMS 0x0000000084900000, 0x0000000084a00000| Untracked 
|  74|0x0000000084a00000, 0x0000000084b00000, 0x0000000084b00000|100%| O|  |TAMS 0x0000000084a00000, 0x0000000084b00000| Untracked 
|  75|0x0000000084b00000, 0x0000000084c00000, 0x0000000084c00000|100%| O|  |TAMS 0x0000000084b00000, 0x0000000084c00000| Untracked 
|  76|0x0000000084c00000, 0x0000000084d00000, 0x0000000084d00000|100%| O|  |TAMS 0x0000000084c00000, 0x0000000084d00000| Untracked 
|  77|0x0000000084d00000, 0x0000000084e00000, 0x0000000084e00000|100%|HS|  |TAMS 0x0000000084d00000, 0x0000000084e00000| Complete 
|  78|0x0000000084e00000, 0x0000000084f00000, 0x0000000084f00000|100%| O|  |TAMS 0x0000000084e00000, 0x0000000084f00000| Untracked 
|  79|0x0000000084f00000, 0x0000000085000000, 0x0000000085000000|100%|HS|  |TAMS 0x0000000084f00000, 0x0000000085000000| Complete 
|  80|0x0000000085000000, 0x0000000085100000, 0x0000000085100000|100%|HS|  |TAMS 0x0000000085000000, 0x0000000085100000| Complete 
|  81|0x0000000085100000, 0x0000000085200000, 0x0000000085200000|100%| O|  |TAMS 0x0000000085100000, 0x0000000085200000| Untracked 
|  82|0x0000000085200000, 0x0000000085300000, 0x0000000085300000|100%| O|  |TAMS 0x0000000085200000, 0x0000000085300000| Untracked 
|  83|0x0000000085300000, 0x0000000085400000, 0x0000000085400000|100%| O|  |TAMS 0x0000000085300000, 0x0000000085400000| Untracked 
|  84|0x0000000085400000, 0x0000000085500000, 0x0000000085500000|100%| O|  |TAMS 0x0000000085400000, 0x0000000085500000| Untracked 
|  85|0x0000000085500000, 0x0000000085600000, 0x0000000085600000|100%| O|  |TAMS 0x0000000085500000, 0x0000000085600000| Untracked 
|  86|0x0000000085600000, 0x0000000085700000, 0x0000000085700000|100%| O|  |TAMS 0x0000000085600000, 0x0000000085700000| Untracked 
|  87|0x0000000085700000, 0x0000000085800000, 0x0000000085800000|100%| O|  |TAMS 0x0000000085700000, 0x0000000085800000| Untracked 
|  88|0x0000000085800000, 0x0000000085900000, 0x0000000085900000|100%| O|  |TAMS 0x0000000085800000, 0x0000000085900000| Untracked 
|  89|0x0000000085900000, 0x0000000085a00000, 0x0000000085a00000|100%| O|  |TAMS 0x0000000085900000, 0x0000000085a00000| Untracked 
|  90|0x0000000085a00000, 0x0000000085b00000, 0x0000000085b00000|100%| O|  |TAMS 0x0000000085a00000, 0x0000000085b00000| Untracked 
|  91|0x0000000085b00000, 0x0000000085c00000, 0x0000000085c00000|100%| O|  |TAMS 0x0000000085b00000, 0x0000000085c00000| Untracked 
|  92|0x0000000085c00000, 0x0000000085d00000, 0x0000000085d00000|100%| O|  |TAMS 0x0000000085c00000, 0x0000000085d00000| Untracked 
|  93|0x0000000085d00000, 0x0000000085e00000, 0x0000000085e00000|100%| O|  |TAMS 0x0000000085d00000, 0x0000000085e00000| Untracked 
|  94|0x0000000085e00000, 0x0000000085f00000, 0x0000000085f00000|100%| O|  |TAMS 0x0000000085e00000, 0x0000000085f00000| Untracked 
|  95|0x0000000085f00000, 0x0000000086000000, 0x0000000086000000|100%| O|  |TAMS 0x0000000085f00000, 0x0000000086000000| Untracked 
|  96|0x0000000086000000, 0x0000000086100000, 0x0000000086100000|100%| O|  |TAMS 0x0000000086000000, 0x0000000086100000| Untracked 
|  97|0x0000000086100000, 0x0000000086200000, 0x0000000086200000|100%| O|  |TAMS 0x0000000086100000, 0x0000000086200000| Untracked 
|  98|0x0000000086200000, 0x0000000086300000, 0x0000000086300000|100%| O|  |TAMS 0x0000000086200000, 0x0000000086300000| Untracked 
|  99|0x0000000086300000, 0x0000000086400000, 0x0000000086400000|100%| O|  |TAMS 0x0000000086300000, 0x0000000086400000| Untracked 
| 100|0x0000000086400000, 0x0000000086500000, 0x0000000086500000|100%| O|  |TAMS 0x0000000086400000, 0x0000000086500000| Untracked 
| 101|0x0000000086500000, 0x0000000086600000, 0x0000000086600000|100%| O|  |TAMS 0x0000000086500000, 0x0000000086600000| Untracked 
| 102|0x0000000086600000, 0x0000000086700000, 0x0000000086700000|100%| O|  |TAMS 0x0000000086600000, 0x0000000086700000| Untracked 
| 103|0x0000000086700000, 0x0000000086800000, 0x0000000086800000|100%| O|  |TAMS 0x0000000086700000, 0x0000000086800000| Untracked 
| 104|0x0000000086800000, 0x0000000086900000, 0x0000000086900000|100%| O|  |TAMS 0x0000000086800000, 0x0000000086900000| Untracked 
| 105|0x0000000086900000, 0x0000000086a00000, 0x0000000086a00000|100%| O|  |TAMS 0x0000000086900000, 0x0000000086a00000| Untracked 
| 106|0x0000000086a00000, 0x0000000086b00000, 0x0000000086b00000|100%| O|  |TAMS 0x0000000086a00000, 0x0000000086b00000| Untracked 
| 107|0x0000000086b00000, 0x0000000086c00000, 0x0000000086c00000|100%| O|  |TAMS 0x0000000086b00000, 0x0000000086c00000| Untracked 
| 108|0x0000000086c00000, 0x0000000086d00000, 0x0000000086d00000|100%| O|  |TAMS 0x0000000086c00000, 0x0000000086d00000| Untracked 
| 109|0x0000000086d00000, 0x0000000086e00000, 0x0000000086e00000|100%| O|  |TAMS 0x0000000086d00000, 0x0000000086e00000| Untracked 
| 110|0x0000000086e00000, 0x0000000086f00000, 0x0000000086f00000|100%|HS|  |TAMS 0x0000000086e00000, 0x0000000086e00000| Complete 
| 111|0x0000000086f00000, 0x0000000087000000, 0x0000000087000000|100%|HC|  |TAMS 0x0000000086f00000, 0x0000000086f00000| Complete 
| 112|0x0000000087000000, 0x0000000087100000, 0x0000000087100000|100%|HS|  |TAMS 0x0000000087000000, 0x0000000087000000| Complete 
| 113|0x0000000087100000, 0x0000000087200000, 0x0000000087200000|100%|HC|  |TAMS 0x0000000087100000, 0x0000000087100000| Complete 
| 114|0x0000000087200000, 0x0000000087300000, 0x0000000087300000|100%|HC|  |TAMS 0x0000000087200000, 0x0000000087200000| Complete 
| 115|0x0000000087300000, 0x0000000087400000, 0x0000000087400000|100%|HC|  |TAMS 0x0000000087300000, 0x0000000087300000| Complete 
| 116|0x0000000087400000, 0x0000000087500000, 0x0000000087500000|100%|HS|  |TAMS 0x0000000087400000, 0x0000000087400000| Complete 
| 117|0x0000000087500000, 0x0000000087600000, 0x0000000087600000|100%|HC|  |TAMS 0x0000000087500000, 0x0000000087500000| Complete 
| 118|0x0000000087600000, 0x0000000087700000, 0x0000000087700000|100%|HS|  |TAMS 0x0000000087600000, 0x0000000087600000| Complete 
| 119|0x0000000087700000, 0x0000000087800000, 0x0000000087800000|100%|HC|  |TAMS 0x0000000087700000, 0x0000000087700000| Complete 
| 120|0x0000000087800000, 0x0000000087900000, 0x0000000087900000|100%|HC|  |TAMS 0x0000000087800000, 0x0000000087800000| Complete 
| 121|0x0000000087900000, 0x0000000087a00000, 0x0000000087a00000|100%|HC|  |TAMS 0x0000000087900000, 0x0000000087900000| Complete 
| 122|0x0000000087a00000, 0x0000000087b00000, 0x0000000087b00000|100%|HS|  |TAMS 0x0000000087a00000, 0x0000000087a00000| Complete 
| 123|0x0000000087b00000, 0x0000000087c00000, 0x0000000087c00000|100%|HC|  |TAMS 0x0000000087b00000, 0x0000000087b00000| Complete 
| 124|0x0000000087c00000, 0x0000000087d00000, 0x0000000087d00000|100%|HC|  |TAMS 0x0000000087c00000, 0x0000000087c00000| Complete 
| 125|0x0000000087d00000, 0x0000000087e00000, 0x0000000087e00000|100%|HC|  |TAMS 0x0000000087d00000, 0x0000000087d00000| Complete 
| 126|0x0000000087e00000, 0x0000000087e00000, 0x0000000087f00000|  0%| F|  |TAMS 0x0000000087e00000, 0x0000000087e00000| Untracked 
| 127|0x0000000087f00000, 0x0000000087f00000, 0x0000000088000000|  0%| F|  |TAMS 0x0000000087f00000, 0x0000000087f00000| Untracked 
| 128|0x0000000088000000, 0x0000000088000000, 0x0000000088100000|  0%| F|  |TAMS 0x0000000088000000, 0x0000000088000000| Untracked 
| 129|0x0000000088100000, 0x0000000088100000, 0x0000000088200000|  0%| F|  |TAMS 0x0000000088100000, 0x0000000088100000| Untracked 
| 130|0x0000000088200000, 0x0000000088200000, 0x0000000088300000|  0%| F|  |TAMS 0x0000000088200000, 0x0000000088200000| Untracked 
| 131|0x0000000088300000, 0x0000000088300000, 0x0000000088400000|  0%| F|  |TAMS 0x0000000088300000, 0x0000000088300000| Untracked 
| 132|0x0000000088400000, 0x0000000088400000, 0x0000000088500000|  0%| F|  |TAMS 0x0000000088400000, 0x0000000088400000| Untracked 
| 133|0x0000000088500000, 0x0000000088500000, 0x0000000088600000|  0%| F|  |TAMS 0x0000000088500000, 0x0000000088500000| Untracked 
| 134|0x0000000088600000, 0x0000000088600000, 0x0000000088700000|  0%| F|  |TAMS 0x0000000088600000, 0x0000000088600000| Untracked 
| 135|0x0000000088700000, 0x0000000088700000, 0x0000000088800000|  0%| F|  |TAMS 0x0000000088700000, 0x0000000088700000| Untracked 
| 136|0x0000000088800000, 0x0000000088800000, 0x0000000088900000|  0%| F|  |TAMS 0x0000000088800000, 0x0000000088800000| Untracked 
| 137|0x0000000088900000, 0x0000000088900000, 0x0000000088a00000|  0%| F|  |TAMS 0x0000000088900000, 0x0000000088900000| Untracked 
| 138|0x0000000088a00000, 0x0000000088a00000, 0x0000000088b00000|  0%| F|  |TAMS 0x0000000088a00000, 0x0000000088a00000| Untracked 
| 139|0x0000000088b00000, 0x0000000088b00000, 0x0000000088c00000|  0%| F|  |TAMS 0x0000000088b00000, 0x0000000088b00000| Untracked 
| 140|0x0000000088c00000, 0x0000000088c00000, 0x0000000088d00000|  0%| F|  |TAMS 0x0000000088c00000, 0x0000000088c00000| Untracked 
| 141|0x0000000088d00000, 0x0000000088d00000, 0x0000000088e00000|  0%| F|  |TAMS 0x0000000088d00000, 0x0000000088d00000| Untracked 
| 142|0x0000000088e00000, 0x0000000088e00000, 0x0000000088f00000|  0%| F|  |TAMS 0x0000000088e00000, 0x0000000088e00000| Untracked 
| 143|0x0000000088f00000, 0x0000000088f00000, 0x0000000089000000|  0%| F|  |TAMS 0x0000000088f00000, 0x0000000088f00000| Untracked 
| 144|0x0000000089000000, 0x0000000089000000, 0x0000000089100000|  0%| F|  |TAMS 0x0000000089000000, 0x0000000089000000| Untracked 
| 145|0x0000000089100000, 0x0000000089100000, 0x0000000089200000|  0%| F|  |TAMS 0x0000000089100000, 0x0000000089100000| Untracked 
| 146|0x0000000089200000, 0x0000000089200000, 0x0000000089300000|  0%| F|  |TAMS 0x0000000089200000, 0x0000000089200000| Untracked 
| 147|0x0000000089300000, 0x0000000089300000, 0x0000000089400000|  0%| F|  |TAMS 0x0000000089300000, 0x0000000089300000| Untracked 
| 148|0x0000000089400000, 0x0000000089400000, 0x0000000089500000|  0%| F|  |TAMS 0x0000000089400000, 0x0000000089400000| Untracked 
| 149|0x0000000089500000, 0x0000000089500000, 0x0000000089600000|  0%| F|  |TAMS 0x0000000089500000, 0x0000000089500000| Untracked 
| 150|0x0000000089600000, 0x0000000089600000, 0x0000000089700000|  0%| F|  |TAMS 0x0000000089600000, 0x0000000089600000| Untracked 
| 151|0x0000000089700000, 0x0000000089700000, 0x0000000089800000|  0%| F|  |TAMS 0x0000000089700000, 0x0000000089700000| Untracked 
| 152|0x0000000089800000, 0x0000000089800000, 0x0000000089900000|  0%| F|  |TAMS 0x0000000089800000, 0x0000000089800000| Untracked 
| 153|0x0000000089900000, 0x0000000089900000, 0x0000000089a00000|  0%| F|  |TAMS 0x0000000089900000, 0x0000000089900000| Untracked 
| 154|0x0000000089a00000, 0x0000000089a00000, 0x0000000089b00000|  0%| F|  |TAMS 0x0000000089a00000, 0x0000000089a00000| Untracked 
| 155|0x0000000089b00000, 0x0000000089b00000, 0x0000000089c00000|  0%| F|  |TAMS 0x0000000089b00000, 0x0000000089b00000| Untracked 
| 156|0x0000000089c00000, 0x0000000089c00000, 0x0000000089d00000|  0%| F|  |TAMS 0x0000000089c00000, 0x0000000089c00000| Untracked 
| 157|0x0000000089d00000, 0x0000000089d00000, 0x0000000089e00000|  0%| F|  |TAMS 0x0000000089d00000, 0x0000000089d00000| Untracked 
| 158|0x0000000089e00000, 0x0000000089e00000, 0x0000000089f00000|  0%| F|  |TAMS 0x0000000089e00000, 0x0000000089e00000| Untracked 
| 159|0x0000000089f00000, 0x0000000089f00000, 0x000000008a000000|  0%| F|  |TAMS 0x0000000089f00000, 0x0000000089f00000| Untracked 
| 160|0x000000008a000000, 0x000000008a000000, 0x000000008a100000|  0%| F|  |TAMS 0x000000008a000000, 0x000000008a000000| Untracked 
| 161|0x000000008a100000, 0x000000008a100000, 0x000000008a200000|  0%| F|  |TAMS 0x000000008a100000, 0x000000008a100000| Untracked 
| 162|0x000000008a200000, 0x000000008a200000, 0x000000008a300000|  0%| F|  |TAMS 0x000000008a200000, 0x000000008a200000| Untracked 
| 163|0x000000008a300000, 0x000000008a300000, 0x000000008a400000|  0%| F|  |TAMS 0x000000008a300000, 0x000000008a300000| Untracked 
| 164|0x000000008a400000, 0x000000008a400000, 0x000000008a500000|  0%| F|  |TAMS 0x000000008a400000, 0x000000008a400000| Untracked 
| 165|0x000000008a500000, 0x000000008a500000, 0x000000008a600000|  0%| F|  |TAMS 0x000000008a500000, 0x000000008a500000| Untracked 
| 166|0x000000008a600000, 0x000000008a600000, 0x000000008a700000|  0%| F|  |TAMS 0x000000008a600000, 0x000000008a600000| Untracked 
| 167|0x000000008a700000, 0x000000008a700000, 0x000000008a800000|  0%| F|  |TAMS 0x000000008a700000, 0x000000008a700000| Untracked 
| 168|0x000000008a800000, 0x000000008a800000, 0x000000008a900000|  0%| F|  |TAMS 0x000000008a800000, 0x000000008a800000| Untracked 
| 169|0x000000008a900000, 0x000000008a900000, 0x000000008aa00000|  0%| F|  |TAMS 0x000000008a900000, 0x000000008a900000| Untracked 
| 170|0x000000008aa00000, 0x000000008aa80000, 0x000000008ab00000| 50%| S|CS|TAMS 0x000000008aa00000, 0x000000008aa00000| Complete 
| 171|0x000000008ab00000, 0x000000008ac00000, 0x000000008ac00000|100%| S|CS|TAMS 0x000000008ab00000, 0x000000008ab00000| Complete 
| 172|0x000000008ac00000, 0x000000008ad00000, 0x000000008ad00000|100%| S|CS|TAMS 0x000000008ac00000, 0x000000008ac00000| Complete 
| 173|0x000000008ad00000, 0x000000008ae00000, 0x000000008ae00000|100%| S|CS|TAMS 0x000000008ad00000, 0x000000008ad00000| Complete 
| 174|0x000000008ae00000, 0x000000008af00000, 0x000000008af00000|100%| S|CS|TAMS 0x000000008ae00000, 0x000000008ae00000| Complete 
| 175|0x000000008af00000, 0x000000008b000000, 0x000000008b000000|100%| S|CS|TAMS 0x000000008af00000, 0x000000008af00000| Complete 
| 176|0x000000008b000000, 0x000000008b100000, 0x000000008b100000|100%| S|CS|TAMS 0x000000008b000000, 0x000000008b000000| Complete 
| 177|0x000000008b100000, 0x000000008b200000, 0x000000008b200000|100%| S|CS|TAMS 0x000000008b100000, 0x000000008b100000| Complete 
| 178|0x000000008b200000, 0x000000008b300000, 0x000000008b300000|100%| S|CS|TAMS 0x000000008b200000, 0x000000008b200000| Complete 
| 179|0x000000008b300000, 0x000000008b300000, 0x000000008b400000|  0%| F|  |TAMS 0x000000008b300000, 0x000000008b300000| Untracked 
| 180|0x000000008b400000, 0x000000008b400000, 0x000000008b500000|  0%| F|  |TAMS 0x000000008b400000, 0x000000008b400000| Untracked 
| 181|0x000000008b500000, 0x000000008b500000, 0x000000008b600000|  0%| F|  |TAMS 0x000000008b500000, 0x000000008b500000| Untracked 
| 182|0x000000008b600000, 0x000000008b600000, 0x000000008b700000|  0%| F|  |TAMS 0x000000008b600000, 0x000000008b600000| Untracked 
| 183|0x000000008b700000, 0x000000008b700000, 0x000000008b800000|  0%| F|  |TAMS 0x000000008b700000, 0x000000008b700000| Untracked 
| 184|0x000000008b800000, 0x000000008b800000, 0x000000008b900000|  0%| F|  |TAMS 0x000000008b800000, 0x000000008b800000| Untracked 
| 185|0x000000008b900000, 0x000000008b900000, 0x000000008ba00000|  0%| F|  |TAMS 0x000000008b900000, 0x000000008b900000| Untracked 
| 186|0x000000008ba00000, 0x000000008ba00000, 0x000000008bb00000|  0%| F|  |TAMS 0x000000008ba00000, 0x000000008ba00000| Untracked 
| 187|0x000000008bb00000, 0x000000008bb00000, 0x000000008bc00000|  0%| F|  |TAMS 0x000000008bb00000, 0x000000008bb00000| Untracked 
| 188|0x000000008bc00000, 0x000000008bc00000, 0x000000008bd00000|  0%| F|  |TAMS 0x000000008bc00000, 0x000000008bc00000| Untracked 
| 189|0x000000008bd00000, 0x000000008bd00000, 0x000000008be00000|  0%| F|  |TAMS 0x000000008bd00000, 0x000000008bd00000| Untracked 
| 190|0x000000008be00000, 0x000000008be00000, 0x000000008bf00000|  0%| F|  |TAMS 0x000000008be00000, 0x000000008be00000| Untracked 
| 191|0x000000008bf00000, 0x000000008bf00000, 0x000000008c000000|  0%| F|  |TAMS 0x000000008bf00000, 0x000000008bf00000| Untracked 
| 192|0x000000008c000000, 0x000000008c000000, 0x000000008c100000|  0%| F|  |TAMS 0x000000008c000000, 0x000000008c000000| Untracked 
| 193|0x000000008c100000, 0x000000008c100000, 0x000000008c200000|  0%| F|  |TAMS 0x000000008c100000, 0x000000008c100000| Untracked 
| 194|0x000000008c200000, 0x000000008c200000, 0x000000008c300000|  0%| F|  |TAMS 0x000000008c200000, 0x000000008c200000| Untracked 
| 195|0x000000008c300000, 0x000000008c300000, 0x000000008c400000|  0%| F|  |TAMS 0x000000008c300000, 0x000000008c300000| Untracked 
| 196|0x000000008c400000, 0x000000008c400000, 0x000000008c500000|  0%| F|  |TAMS 0x000000008c400000, 0x000000008c400000| Untracked 
| 197|0x000000008c500000, 0x000000008c500000, 0x000000008c600000|  0%| F|  |TAMS 0x000000008c500000, 0x000000008c500000| Untracked 
| 198|0x000000008c600000, 0x000000008c600000, 0x000000008c700000|  0%| F|  |TAMS 0x000000008c600000, 0x000000008c600000| Untracked 
| 199|0x000000008c700000, 0x000000008c700000, 0x000000008c800000|  0%| F|  |TAMS 0x000000008c700000, 0x000000008c700000| Untracked 
| 200|0x000000008c800000, 0x000000008c800000, 0x000000008c900000|  0%| F|  |TAMS 0x000000008c800000, 0x000000008c800000| Untracked 
| 201|0x000000008c900000, 0x000000008c900000, 0x000000008ca00000|  0%| F|  |TAMS 0x000000008c900000, 0x000000008c900000| Untracked 
| 202|0x000000008ca00000, 0x000000008ca00000, 0x000000008cb00000|  0%| F|  |TAMS 0x000000008ca00000, 0x000000008ca00000| Untracked 
| 203|0x000000008cb00000, 0x000000008cb00000, 0x000000008cc00000|  0%| F|  |TAMS 0x000000008cb00000, 0x000000008cb00000| Untracked 
| 204|0x000000008cc00000, 0x000000008cc00000, 0x000000008cd00000|  0%| F|  |TAMS 0x000000008cc00000, 0x000000008cc00000| Untracked 
| 205|0x000000008cd00000, 0x000000008cd00000, 0x000000008ce00000|  0%| F|  |TAMS 0x000000008cd00000, 0x000000008cd00000| Untracked 
| 206|0x000000008ce00000, 0x000000008ce00000, 0x000000008cf00000|  0%| F|  |TAMS 0x000000008ce00000, 0x000000008ce00000| Untracked 
| 207|0x000000008cf00000, 0x000000008cf00000, 0x000000008d000000|  0%| F|  |TAMS 0x000000008cf00000, 0x000000008cf00000| Untracked 
| 208|0x000000008d000000, 0x000000008d000000, 0x000000008d100000|  0%| F|  |TAMS 0x000000008d000000, 0x000000008d000000| Untracked 
| 209|0x000000008d100000, 0x000000008d100000, 0x000000008d200000|  0%| F|  |TAMS 0x000000008d100000, 0x000000008d100000| Untracked 
| 210|0x000000008d200000, 0x000000008d200000, 0x000000008d300000|  0%| F|  |TAMS 0x000000008d200000, 0x000000008d200000| Untracked 
| 211|0x000000008d300000, 0x000000008d300000, 0x000000008d400000|  0%| F|  |TAMS 0x000000008d300000, 0x000000008d300000| Untracked 
| 212|0x000000008d400000, 0x000000008d400000, 0x000000008d500000|  0%| F|  |TAMS 0x000000008d400000, 0x000000008d400000| Untracked 
| 213|0x000000008d500000, 0x000000008d500000, 0x000000008d600000|  0%| F|  |TAMS 0x000000008d500000, 0x000000008d500000| Untracked 
| 214|0x000000008d600000, 0x000000008d600000, 0x000000008d700000|  0%| F|  |TAMS 0x000000008d600000, 0x000000008d600000| Untracked 
| 215|0x000000008d700000, 0x000000008d700000, 0x000000008d800000|  0%| F|  |TAMS 0x000000008d700000, 0x000000008d700000| Untracked 
| 216|0x000000008d800000, 0x000000008d800000, 0x000000008d900000|  0%| F|  |TAMS 0x000000008d800000, 0x000000008d800000| Untracked 
| 217|0x000000008d900000, 0x000000008d900000, 0x000000008da00000|  0%| F|  |TAMS 0x000000008d900000, 0x000000008d900000| Untracked 
| 218|0x000000008da00000, 0x000000008da00000, 0x000000008db00000|  0%| F|  |TAMS 0x000000008da00000, 0x000000008da00000| Untracked 
| 219|0x000000008db00000, 0x000000008db00800, 0x000000008dc00000|  0%| E|  |TAMS 0x000000008db00000, 0x000000008db00000| Complete 
| 220|0x000000008dc00000, 0x000000008dd00000, 0x000000008dd00000|100%| E|CS|TAMS 0x000000008dc00000, 0x000000008dc00000| Complete 
| 221|0x000000008dd00000, 0x000000008de00000, 0x000000008de00000|100%| E|CS|TAMS 0x000000008dd00000, 0x000000008dd00000| Complete 

Card table byte_map: [0x0000024a54130000,0x0000024a54530000] _byte_map_base: 0x0000024a53d30000

Marking Bits (Prev, Next): (CMBitMap*) 0x0000024a3f4514d8, (CMBitMap*) 0x0000024a3f451510
 Prev Bits: [0x0000024a54930000, 0x0000024a56930000)
 Next Bits: [0x0000024a56930000, 0x0000024a58930000)

Polling page: 0x0000024a40ca0000

Metaspace:

Usage:
  Non-class:     82.22 MB capacity,    80.94 MB ( 98%) used,     1.01 MB (  1%) free+waste,   266.63 KB ( <1%) overhead. 
      Class:     12.65 MB capacity,    11.84 MB ( 94%) used,   701.13 KB (  5%) free+waste,   119.69 KB ( <1%) overhead. 
       Both:     94.86 MB capacity,    92.79 MB ( 98%) used,     1.70 MB (  2%) free+waste,   386.31 KB ( <1%) overhead. 

Virtual space:
  Non-class space:       84.00 MB reserved,      82.25 MB ( 98%) committed 
      Class space:        1.00 GB reserved,      12.70 MB (  1%) committed 
             Both:        1.08 GB reserved,      94.95 MB (  9%) committed 

Chunk freelists:
   Non-Class:  35.00 KB
       Class:  10.00 KB
        Both:  45.00 KB

MaxMetaspaceSize: 17179869184.00 GB
CompressedClassSpaceSize: 1.00 GB
Initial GC threshold: 20.80 MB
Current GC threshold: 109.92 MB
CDS: off

CodeHeap 'non-profiled nmethods': size=120064Kb used=7583Kb max_used=7583Kb free=112481Kb
 bounds [0x0000024a4c1b0000, 0x0000024a4c920000, 0x0000024a536f0000]
CodeHeap 'profiled nmethods': size=120000Kb used=25722Kb max_used=25722Kb free=94278Kb
 bounds [0x0000024a44c80000, 0x0000024a465a0000, 0x0000024a4c1b0000]
CodeHeap 'non-nmethods': size=5696Kb used=2384Kb max_used=2432Kb free=3312Kb
 bounds [0x0000024a446f0000, 0x0000024a44960000, 0x0000024a44c80000]
 total_blobs=12963 nmethods=12063 adapters=810
 compilation: enabled
              stopped_count=0, restarted_count=0
 full_count=0

Compilation events (20 events):
Event: 27.433 Thread 0x0000024a5af97000 nmethod 12149 0x0000024a4c90b990 code [0x0000024a4c90bb40, 0x0000024a4c90c1f8]
Event: 27.433 Thread 0x0000024a5af97000 12151       4       org.apache.xerces.dom.CoreDocumentImpl::createElement (48 bytes)
Event: 27.437 Thread 0x0000024a5af9e000 12155       3       com.android.ide.common.resources.DataFile::hasNotRemovedItems (48 bytes)
Event: 27.438 Thread 0x0000024a5af9e000 nmethod 12155 0x0000024a46593590 code [0x0000024a465937a0, 0x0000024a46593eb8]
Event: 27.438 Thread 0x0000024a5af9e000 12156       3       com.android.ide.common.resources.DataSet::createFileElement (81 bytes)
Event: 27.439 Thread 0x0000024a5af9e000 nmethod 12156 0x0000024a46594090 code [0x0000024a46594360, 0x0000024a46595098]
Event: 27.439 Thread 0x0000024a5af9e000 12157       3       com.android.ide.common.resources.ResourceFile::addExtraAttributes (33 bytes)
Event: 27.439 Thread 0x0000024a5af9e000 nmethod 12157 0x0000024a46595590 code [0x0000024a46595780, 0x0000024a46595aa8]
Event: 27.449 Thread 0x0000024a5af97000 nmethod 12151 0x0000024a4c90c690 code [0x0000024a4c90c840, 0x0000024a4c90cf58]
Event: 27.449 Thread 0x0000024a5af97000 12154       4       org.apache.xerces.dom.NamedNodeMapImpl::findNamePoint (131 bytes)
Event: 27.451 Thread 0x0000024a5af9e000 12159       3       com.google.common.base.Joiner::appendTo (73 bytes)
Event: 27.451 Thread 0x0000024a5af9e000 nmethod 12159 0x0000024a46595c10 code [0x0000024a46595e80, 0x0000024a46596878]
Event: 27.457 Thread 0x0000024a5af9e000 12160       3       com.android.utils.XmlUtils::toXmlAttributeValue (89 bytes)
Event: 27.458 Thread 0x0000024a5af9e000 nmethod 12160 0x0000024a46596b10 code [0x0000024a46596e00, 0x0000024a46597e98]
Event: 27.459 Thread 0x0000024a5af9e000 12161       3       com.android.utils.XmlUtils::append (645 bytes)
Event: 27.463 Thread 0x0000024a5af9e000 nmethod 12161 0x0000024a46598590 code [0x0000024a46598da0, 0x0000024a4659cdc8]
Event: 27.466 Thread 0x0000024a5af97000 nmethod 12154 0x0000024a4c90d290 code [0x0000024a4c90d4a0, 0x0000024a4c90def8]
Event: 27.466 Thread 0x0000024a5af97000 12163       4       com.android.utils.XmlUtils::toXmlAttributeValue (89 bytes)
Event: 27.480 Thread 0x0000024a5af97000 nmethod 12163 0x0000024a4c90e410 code [0x0000024a4c90e5e0, 0x0000024a4c90ebf8]
Event: 27.480 Thread 0x0000024a5af97000 12164       4       com.android.utils.XmlUtils::append (645 bytes)

GC Heap History (20 events):
Event: 11.065 GC heap before
{Heap before GC invocations=12 (full 0):
 garbage-first heap   total 189440K, used 76758K [0x0000000080000000, 0x0000000100000000)
  region size 1024K, 38 young (38912K), 12 survivors (12288K)
 Metaspace       used 58732K, capacity 60064K, committed 60160K, reserved 1101824K
  class space    used 7392K, capacity 7882K, committed 7936K, reserved 1048576K
}
Event: 11.086 GC heap after
{Heap after GC invocations=13 (full 0):
 garbage-first heap   total 189440K, used 53248K [0x0000000080000000, 0x0000000100000000)
  region size 1024K, 2 young (2048K), 2 survivors (2048K)
 Metaspace       used 58732K, capacity 60064K, committed 60160K, reserved 1101824K
  class space    used 7392K, capacity 7882K, committed 7936K, reserved 1048576K
}
Event: 12.210 GC heap before
{Heap before GC invocations=14 (full 0):
 garbage-first heap   total 189440K, used 116736K [0x0000000080000000, 0x0000000100000000)
  region size 1024K, 65 young (66560K), 2 survivors (2048K)
 Metaspace       used 65345K, capacity 66855K, committed 67020K, reserved 1107968K
  class space    used 8237K, capacity 8798K, committed 8908K, reserved 1048576K
}
Event: 12.221 GC heap after
{Heap after GC invocations=15 (full 0):
 garbage-first heap   total 189440K, used 57344K [0x0000000080000000, 0x0000000100000000)
  region size 1024K, 6 young (6144K), 6 survivors (6144K)
 Metaspace       used 65345K, capacity 66855K, committed 67020K, reserved 1107968K
  class space    used 8237K, capacity 8798K, committed 8908K, reserved 1048576K
}
Event: 13.176 GC heap before
{Heap before GC invocations=16 (full 0):
 garbage-first heap   total 189440K, used 124928K [0x0000000080000000, 0x0000000100000000)
  region size 1024K, 71 young (72704K), 6 survivors (6144K)
 Metaspace       used 68991K, capacity 70568K, committed 70860K, reserved 1110016K
  class space    used 8727K, capacity 9345K, committed 9420K, reserved 1048576K
}
Event: 13.191 GC heap after
{Heap after GC invocations=17 (full 0):
 garbage-first heap   total 189440K, used 61931K [0x0000000080000000, 0x0000000100000000)
  region size 1024K, 5 young (5120K), 5 survivors (5120K)
 Metaspace       used 68991K, capacity 70568K, committed 70860K, reserved 1110016K
  class space    used 8727K, capacity 9345K, committed 9420K, reserved 1048576K
}
Event: 14.242 GC heap before
{Heap before GC invocations=17 (full 0):
 garbage-first heap   total 189440K, used 129515K [0x0000000080000000, 0x0000000100000000)
  region size 1024K, 71 young (72704K), 5 survivors (5120K)
 Metaspace       used 74712K, capacity 76250K, committed 76364K, reserved 1116160K
  class space    used 9621K, capacity 10233K, committed 10316K, reserved 1048576K
}
Event: 14.255 GC heap after
{Heap after GC invocations=18 (full 0):
 garbage-first heap   total 189440K, used 65951K [0x0000000080000000, 0x0000000100000000)
  region size 1024K, 9 young (9216K), 9 survivors (9216K)
 Metaspace       used 74712K, capacity 76250K, committed 76364K, reserved 1116160K
  class space    used 9621K, capacity 10233K, committed 10316K, reserved 1048576K
}
Event: 15.382 GC heap before
{Heap before GC invocations=18 (full 0):
 garbage-first heap   total 189440K, used 134559K [0x0000000080000000, 0x0000000100000000)
  region size 1024K, 76 young (77824K), 9 survivors (9216K)
 Metaspace       used 80942K, capacity 82570K, committed 82892K, reserved 1120256K
  class space    used 10514K, capacity 11141K, committed 11212K, reserved 1048576K
}
Event: 15.401 GC heap after
{Heap after GC invocations=19 (full 0):
 garbage-first heap   total 189440K, used 69694K [0x0000000080000000, 0x0000000100000000)
  region size 1024K, 8 young (8192K), 8 survivors (8192K)
 Metaspace       used 80942K, capacity 82570K, committed 82892K, reserved 1120256K
  class space    used 10514K, capacity 11141K, committed 11212K, reserved 1048576K
}
Event: 16.689 GC heap before
{Heap before GC invocations=19 (full 0):
 garbage-first heap   total 189440K, used 138302K [0x0000000080000000, 0x0000000100000000)
  region size 1024K, 76 young (77824K), 8 survivors (8192K)
 Metaspace       used 87718K, capacity 89610K, committed 89676K, reserved 1126400K
  class space    used 11310K, capacity 12043K, committed 12108K, reserved 1048576K
}
Event: 16.719 GC heap after
{Heap after GC invocations=20 (full 0):
 garbage-first heap   total 189440K, used 76968K [0x0000000080000000, 0x0000000100000000)
  region size 1024K, 10 young (10240K), 10 survivors (10240K)
 Metaspace       used 87718K, capacity 89610K, committed 89676K, reserved 1126400K
  class space    used 11310K, capacity 12043K, committed 12108K, reserved 1048576K
}
Event: 18.643 GC heap before
{Heap before GC invocations=20 (full 0):
 garbage-first heap   total 189440K, used 142504K [0x0000000080000000, 0x0000000100000000)
  region size 1024K, 75 young (76800K), 10 survivors (10240K)
 Metaspace       used 89819K, capacity 91916K, committed 92108K, reserved 1128448K
  class space    used 11591K, capacity 12426K, committed 12492K, reserved 1048576K
}
Event: 18.669 GC heap after
{Heap after GC invocations=21 (full 0):
 garbage-first heap   total 227328K, used 83540K [0x0000000080000000, 0x0000000100000000)
  region size 1024K, 6 young (6144K), 6 survivors (6144K)
 Metaspace       used 89819K, capacity 91916K, committed 92108K, reserved 1128448K
  class space    used 11591K, capacity 12426K, committed 12492K, reserved 1048576K
}
Event: 22.363 GC heap before
{Heap before GC invocations=21 (full 0):
 garbage-first heap   total 227328K, used 160340K [0x0000000080000000, 0x0000000100000000)
  region size 1024K, 82 young (83968K), 6 survivors (6144K)
 Metaspace       used 91905K, capacity 94032K, committed 94412K, reserved 1130496K
  class space    used 11803K, capacity 12618K, committed 12748K, reserved 1048576K
}
Event: 22.381 GC heap after
{Heap after GC invocations=22 (full 0):
 garbage-first heap   total 227328K, used 90112K [0x0000000080000000, 0x0000000100000000)
  region size 1024K, 11 young (11264K), 11 survivors (11264K)
 Metaspace       used 91905K, capacity 94032K, committed 94412K, reserved 1130496K
  class space    used 11803K, capacity 12618K, committed 12748K, reserved 1048576K
}
Event: 24.785 GC heap before
{Heap before GC invocations=22 (full 0):
 garbage-first heap   total 227328K, used 177152K [0x0000000080000000, 0x0000000100000000)
  region size 1024K, 86 young (88064K), 11 survivors (11264K)
 Metaspace       used 92648K, capacity 94773K, committed 94924K, reserved 1132544K
  class space    used 11853K, capacity 12652K, committed 12748K, reserved 1048576K
}
Event: 24.823 GC heap after
{Heap after GC invocations=23 (full 0):
 garbage-first heap   total 227328K, used 110518K [0x0000000080000000, 0x0000000100000000)
  region size 1024K, 11 young (11264K), 11 survivors (11264K)
 Metaspace       used 92648K, capacity 94773K, committed 94924K, reserved 1132544K
  class space    used 11853K, capacity 12652K, committed 12748K, reserved 1048576K
}
Event: 27.483 GC heap before
{Heap before GC invocations=23 (full 0):
 garbage-first heap   total 227328K, used 153526K [0x0000000080000000, 0x0000000100000000)
  region size 1024K, 54 young (55296K), 11 survivors (11264K)
 Metaspace       used 94869K, capacity 97011K, committed 97228K, reserved 1134592K
  class space    used 12122K, capacity 12950K, committed 13004K, reserved 1048576K
}
Event: 27.521 GC heap after
{Heap after GC invocations=24 (full 0):
 garbage-first heap   total 227328K, used 121344K [0x0000000080000000, 0x0000000100000000)
  region size 1024K, 9 young (9216K), 9 survivors (9216K)
 Metaspace       used 94869K, capacity 97011K, committed 97228K, reserved 1134592K
  class space    used 12122K, capacity 12950K, committed 13004K, reserved 1048576K
}

Deoptimization events (20 events):
Event: 27.371 Thread 0x0000024a5e8f0000 Uncommon trap: trap_request=0xffffffde fr.pc=0x0000024a4c877da4 relative=0x00000000000002e4
Event: 27.371 Thread 0x0000024a5e8f0000 Uncommon trap: reason=class_check action=maybe_recompile pc=0x0000024a4c877da4 method=org.apache.xerces.dom.ElementImpl.getAttributes()Lorg/w3c/dom/NamedNodeMap; @ 8 c2
Event: 27.371 Thread 0x0000024a5e8f0000 DEOPT PACKING pc=0x0000024a4c877da4 sp=0x000000f44d8f6a80
Event: 27.371 Thread 0x0000024a5e8f0000 DEOPT UNPACKING pc=0x0000024a4473a1af sp=0x000000f44d8f6a58 mode 2
Event: 27.371 Thread 0x0000024a5e8f0000 Uncommon trap: trap_request=0xffffffde fr.pc=0x0000024a4c877da4 relative=0x00000000000002e4
Event: 27.371 Thread 0x0000024a5e8f0000 Uncommon trap: reason=class_check action=maybe_recompile pc=0x0000024a4c877da4 method=org.apache.xerces.dom.ElementImpl.getAttributes()Lorg/w3c/dom/NamedNodeMap; @ 8 c2
Event: 27.371 Thread 0x0000024a5e8f0000 DEOPT PACKING pc=0x0000024a4c877da4 sp=0x000000f44d8f6a80
Event: 27.371 Thread 0x0000024a5e8f0000 DEOPT UNPACKING pc=0x0000024a4473a1af sp=0x000000f44d8f6a58 mode 2
Event: 27.456 Thread 0x0000024a5e8f0000 Uncommon trap: trap_request=0xffffff4d fr.pc=0x0000024a4c8ba508 relative=0x0000000000003ee8
Event: 27.456 Thread 0x0000024a5e8f0000 Uncommon trap: reason=unstable_if action=reinterpret pc=0x0000024a4c8ba508 method=com.android.utils.XmlUtils.toXmlAttributeValue(Ljava/lang/String;)Ljava/lang/String; @ 33 c2
Event: 27.457 Thread 0x0000024a5e8f0000 DEOPT PACKING pc=0x0000024a4c8ba508 sp=0x000000f44d8f6a40
Event: 27.457 Thread 0x0000024a5e8f0000 DEOPT UNPACKING pc=0x0000024a4473a1af sp=0x000000f44d8f6998 mode 2
Event: 27.457 Thread 0x0000024a5e8f0000 Uncommon trap: trap_request=0xffffff4d fr.pc=0x0000024a4c86fed8 relative=0x00000000000004f8
Event: 27.457 Thread 0x0000024a5e8f0000 Uncommon trap: reason=unstable_if action=reinterpret pc=0x0000024a4c86fed8 method=com.android.utils.XmlUtils.toXmlAttributeValue(Ljava/lang/String;)Ljava/lang/String; @ 33 c2
Event: 27.457 Thread 0x0000024a5e8f0000 DEOPT PACKING pc=0x0000024a4c86fed8 sp=0x000000f44d8f69e0
Event: 27.457 Thread 0x0000024a5e8f0000 DEOPT UNPACKING pc=0x0000024a4473a1af sp=0x000000f44d8f6988 mode 2
Event: 27.553 Thread 0x0000024a5e8f0000 Uncommon trap: trap_request=0xffffff4d fr.pc=0x0000024a4c8be0e4 relative=0x0000000000007ac4
Event: 27.553 Thread 0x0000024a5e8f0000 Uncommon trap: reason=unstable_if action=reinterpret pc=0x0000024a4c8be0e4 method=com.android.utils.XmlUtils.append(Lcom/android/utils/XmlUtils$PositionAwareStringBuilder;Lorg/w3c/dom/Node;Ljava/util/Map;Ljava/util/Set;)V @ 544 c2
Event: 27.553 Thread 0x0000024a5e8f0000 DEOPT PACKING pc=0x0000024a4c8be0e4 sp=0x000000f44d8f6b30
Event: 27.553 Thread 0x0000024a5e8f0000 DEOPT UNPACKING pc=0x0000024a4473a1af sp=0x000000f44d8f6b18 mode 2

Classes redefined (0 events):
No events

Internal exceptions (20 events):
Event: 16.632 Thread 0x0000024a5d6d1000 Exception <a 'java/lang/NoSuchMethodError'{0x00000000888a1620}: <clinit>> (0x00000000888a1620) thrown at [./src/hotspot/share/prims/jni.cpp, line 1365]
Event: 16.636 Thread 0x0000024a5d6d1000 Exception <a 'java/lang/NoSuchMethodError'{0x000000008767c770}: <clinit>> (0x000000008767c770) thrown at [./src/hotspot/share/prims/jni.cpp, line 1365]
Event: 16.683 Thread 0x0000024a5efa8000 Exception <a 'java/lang/IncompatibleClassChangeError'{0x00000000875b33a8}: Found class java.lang.Object, but interface was expected> (0x00000000875b33a8) thrown at [./src/hotspot/share/interpreter/linkResolver.cpp, line 839]
Event: 16.739 Thread 0x0000024a5de5c000 Exception <a 'java/lang/NoSuchMethodError'{0x000000008b8fcaa0}: <clinit>> (0x000000008b8fcaa0) thrown at [./src/hotspot/share/prims/jni.cpp, line 1365]
Event: 16.749 Thread 0x0000024a5efa8000 Exception <a 'java/lang/NoSuchMethodError'{0x000000008b8c2a90}: 'java.lang.Object java.lang.invoke.DirectMethodHandle$Holder.invokeInterface(java.lang.Object, java.lang.Object, int)'> (0x000000008b8c2a90) thrown at [./src/hotspot/share/interpreter/linkResolver.cpp, line 773]
Event: 16.757 Thread 0x0000024a5efa8000 Exception <a 'java/lang/NoSuchMethodError'{0x000000008b70bd50}: 'void java.lang.invoke.DirectMethodHandle$Holder.invokeStatic(java.lang.Object, java.lang.Object, java.lang.Object, int)'> (0x000000008b70bd50) thrown at [./src/hotspot/share/interpreter/linkResolver.cpp, line 773]
Event: 16.826 Thread 0x0000024a5efa8000 Implicit null exception at 0x0000024a4c450777 to 0x0000024a4c450910
Event: 16.863 Thread 0x0000024a5efa8000 Exception <a 'java/lang/IncompatibleClassChangeError'{0x000000008b5d9a98}: Found class java.lang.Object, but interface was expected> (0x000000008b5d9a98) thrown at [./src/hotspot/share/interpreter/linkResolver.cpp, line 839]
Event: 17.241 Thread 0x0000024a5efa8000 Exception <a 'java/lang/NoSuchMethodError'{0x000000008aae4b98}: 'void java.lang.invoke.DirectMethodHandle$Holder.invokeStatic(java.lang.Object, java.lang.Object, java.lang.Object, java.lang.Object, int, java.lang.Object, java.lang.Object)'> (0x000000008aae4b98) thrown at [./src/hotspot/share/interpreter/linkResolver.cpp, line 773]
Event: 17.279 Thread 0x0000024a5d6cd000 Exception <a 'java/lang/NoSuchMethodError'{0x000000008a6ba728}: 'java.lang.Object java.lang.invoke.DirectMethodHandle$Holder.invokeSpecialIFC(java.lang.Object, java.lang.Object, java.lang.Object)'> (0x000000008a6ba728) thrown at [./src/hotspot/share/interpreter/linkResolver.cpp, line 773]
Event: 17.279 Thread 0x0000024a5d6cc000 Exception <a 'java/lang/NoSuchMethodError'{0x000000008a6cefe0}: 'java.lang.Object java.lang.invoke.DirectMethodHandle$Holder.invokeSpecialIFC(java.lang.Object, java.lang.Object, java.lang.Object)'> (0x000000008a6cefe0) thrown at [./src/hotspot/share/interpreter/linkResolver.cpp, line 773]
Event: 17.279 Thread 0x0000024a5d6cd800 Exception <a 'java/lang/NoSuchMethodError'{0x000000008a6f59c0}: 'java.lang.Object java.lang.invoke.DirectMethodHandle$Holder.invokeSpecialIFC(java.lang.Object, java.lang.Object, java.lang.Object)'> (0x000000008a6f59c0) thrown at [./src/hotspot/share/interpreter/linkResolver.cpp, line 773]
Event: 17.320 Thread 0x0000024a5d6cd000 Exception <a 'java/lang/NoSuchMethodError'{0x000000008a393a60}: 'int java.lang.invoke.DirectMethodHandle$Holder.invokeStaticInit(java.lang.Object, java.lang.Object, java.lang.Object, java.lang.Object, java.lang.Object)'> (0x000000008a393a60) thrown at [./src/hotspot/share/interpreter/linkResolver.cpp, line 773]
Event: 17.390 Thread 0x0000024a5efa8000 Exception <a 'java/lang/NoSuchMethodError'{0x0000000089f37330}: 'void java.lang.invoke.DirectMethodHandle$Holder.invokeVirtual(java.lang.Object, java.lang.Object)'> (0x0000000089f37330) thrown at [./src/hotspot/share/interpreter/linkResolver.cpp, line 773]
Event: 17.435 Thread 0x0000024a5d6cd000 Exception <a 'java/lang/NoSuchMethodError'{0x0000000089d47088}: 'java.lang.Object java.lang.invoke.DirectMethodHandle$Holder.newInvokeSpecial(java.lang.Object, java.lang.Object, java.lang.Object, java.lang.Object)'> (0x0000000089d47088) thrown at [./src/hotspot/share/interpreter/linkResolver.cpp, line 773]
Event: 17.435 Thread 0x0000024a5efa8000 Exception <a 'java/lang/NoSuchMethodError'{0x0000000089d5fe70}: 'java.lang.Object java.lang.invoke.DirectMethodHandle$Holder.newInvokeSpecial(java.lang.Object, java.lang.Object, java.lang.Object, java.lang.Object)'> (0x0000000089d5fe70) thrown at [./src/hotspot/share/interpreter/linkResolver.cpp, line 773]
Event: 18.302 Thread 0x0000024a60d5b800 Implicit null exception at 0x0000024a4c6feb24 to 0x0000024a4c6fecc4
Event: 19.047 Thread 0x0000024a5de5c000 Exception <a 'java/lang/NoSuchMethodError'{0x000000008ce8d708}: <clinit>> (0x000000008ce8d708) thrown at [./src/hotspot/share/prims/jni.cpp, line 1365]
Event: 23.669 Thread 0x0000024a5e8f0000 Implicit null exception at 0x0000024a4c831218 to 0x0000024a4c831fcf
Event: 27.553 Thread 0x0000024a5e8f0000 Implicit null exception at 0x0000024a4c8b7f3f to 0x0000024a4c8be0b8

Events (20 events):
Event: 27.263 loading class com/sun/xml/bind/util/AttributesImpl
Event: 27.263 loading class com/sun/xml/bind/util/AttributesImpl done
Event: 27.265 loading class com/sun/xml/bind/v2/runtime/reflect/Lister$CollectionLister$1
Event: 27.265 loading class com/sun/xml/bind/v2/runtime/reflect/Lister$CollectionLister$1 done
Event: 27.266 loading class com/sun/xml/bind/v2/runtime/reflect/Lister$IDREFSIterator
Event: 27.266 loading class com/sun/xml/bind/v2/runtime/reflect/Lister$IDREFSIterator done
Event: 27.268 loading class org/apache/commons/io/Charsets
Event: 27.268 loading class org/apache/commons/io/Charsets done
Event: 27.293 loading class com/android/ide/common/resources/ResourceMerger
Event: 27.293 loading class com/android/ide/common/resources/ResourceMerger done
Event: 27.293 loading class com/android/ide/common/resources/ResourceMerger
Event: 27.293 loading class com/android/ide/common/resources/ResourceMerger done
Event: 27.295 Thread 0x0000024a64fca000 Thread exited: 0x0000024a64fca000
Event: 27.296 loading class com/android/ide/common/resources/DataSet$1
Event: 27.296 loading class com/android/ide/common/resources/DataSet$1 done
Event: 27.297 loading class com/android/ide/common/resources/FileStatus
Event: 27.297 loading class com/android/ide/common/resources/FileStatus done
Event: 27.327 Thread 0x0000024a64fca000 Thread added: 0x0000024a64fca000
Event: 27.483 Executing VM operation: G1CollectForAllocation
Event: 27.521 Executing VM operation: G1CollectForAllocation done


Dynamic libraries:
0x00007ff70e7a0000 - 0x00007ff70e7aa000 	C:\Program Files\Android\Android Studio\jre\bin\java.exe
0x00007ffe21b80000 - 0x00007ffe21d89000 	C:\Windows\SYSTEM32\ntdll.dll
0x00007ffe21260000 - 0x00007ffe2131d000 	C:\Windows\System32\KERNEL32.DLL
0x00007ffe1f130000 - 0x00007ffe1f4ad000 	C:\Windows\System32\KERNELBASE.dll
0x00007ffe1f700000 - 0x00007ffe1f811000 	C:\Windows\System32\ucrtbase.dll
0x00007ffe1c510000 - 0x00007ffe1c527000 	C:\Program Files\Android\Android Studio\jre\bin\VCRUNTIME140.dll
0x00007ffe1c4f0000 - 0x00007ffe1c509000 	C:\Program Files\Android\Android Studio\jre\bin\jli.dll
0x00007ffe20f80000 - 0x00007ffe2112d000 	C:\Windows\System32\USER32.dll
0x00007ffe1f060000 - 0x00007ffe1f086000 	C:\Windows\System32\win32u.dll
0x00007ffe1fa80000 - 0x00007ffe1faa9000 	C:\Windows\System32\GDI32.dll
0x00007ffe092f0000 - 0x00007ffe09595000 	C:\Windows\WinSxS\amd64_microsoft.windows.common-controls_6595b64144ccf1df_6.0.22000.120_none_9d947278b86cc467\COMCTL32.dll
0x00007ffe1f570000 - 0x00007ffe1f688000 	C:\Windows\System32\gdi32full.dll
0x00007ffe1fab0000 - 0x00007ffe1fb53000 	C:\Windows\System32\msvcrt.dll
0x00007ffe1f090000 - 0x00007ffe1f12d000 	C:\Windows\System32\msvcp_win.dll
0x00007ffe214f0000 - 0x00007ffe21521000 	C:\Windows\System32\IMM32.DLL
0x00007ffdfc830000 - 0x00007ffdfc8cd000 	C:\Program Files\Android\Android Studio\jre\bin\msvcp140.dll
0x00007ffdb2030000 - 0x00007ffdb2b15000 	C:\Program Files\Android\Android Studio\jre\bin\server\jvm.dll
0x00007ffe21140000 - 0x00007ffe211ee000 	C:\Windows\System32\ADVAPI32.dll
0x00007ffe1fb60000 - 0x00007ffe1fbfe000 	C:\Windows\System32\sechost.dll
0x00007ffe213d0000 - 0x00007ffe214f0000 	C:\Windows\System32\RPCRT4.dll
0x00007ffe21250000 - 0x00007ffe21258000 	C:\Windows\System32\PSAPI.DLL
0x00007ffdfcd50000 - 0x00007ffdfcd59000 	C:\Windows\SYSTEM32\WSOCK32.dll
0x00007ffe1fa10000 - 0x00007ffe1fa7f000 	C:\Windows\System32\WS2_32.dll
0x00007ffe18d80000 - 0x00007ffe18db3000 	C:\Windows\SYSTEM32\WINMM.dll
0x00007ffe14480000 - 0x00007ffe1448a000 	C:\Windows\SYSTEM32\VERSION.dll
0x00007ffe1e210000 - 0x00007ffe1e228000 	C:\Windows\SYSTEM32\kernel.appcore.dll
0x00007ffdfcd30000 - 0x00007ffdfcd41000 	C:\Program Files\Android\Android Studio\jre\bin\verify.dll
0x00007ffe08e20000 - 0x00007ffe09041000 	C:\Windows\SYSTEM32\DBGHELP.DLL
0x00007ffe12d70000 - 0x00007ffe12da1000 	C:\Windows\SYSTEM32\dbgcore.DLL
0x00007ffe1f820000 - 0x00007ffe1f89f000 	C:\Windows\System32\bcryptPrimitives.dll
0x00007ffdfcc60000 - 0x00007ffdfcc89000 	C:\Program Files\Android\Android Studio\jre\bin\java.dll
0x00007ffdfcd20000 - 0x00007ffdfcd2b000 	C:\Program Files\Android\Android Studio\jre\bin\jimage.dll
0x00007ffdfcc40000 - 0x00007ffdfcc58000 	C:\Program Files\Android\Android Studio\jre\bin\zip.dll
0x00007ffe20740000 - 0x00007ffe20ef8000 	C:\Windows\System32\SHELL32.dll
0x00007ffe1d150000 - 0x00007ffe1d9b8000 	C:\Windows\SYSTEM32\windows.storage.dll
0x00007ffe1fca0000 - 0x00007ffe20019000 	C:\Windows\System32\combase.dll
0x00007ffe1cfe0000 - 0x00007ffe1d146000 	C:\Windows\SYSTEM32\wintypes.dll
0x00007ffe20650000 - 0x00007ffe2073a000 	C:\Windows\System32\SHCORE.dll
0x00007ffe211f0000 - 0x00007ffe2124d000 	C:\Windows\System32\shlwapi.dll
0x00007ffe1ef90000 - 0x00007ffe1efb1000 	C:\Windows\SYSTEM32\profapi.dll
0x00007ffdfcc20000 - 0x00007ffdfcc3a000 	C:\Program Files\Android\Android Studio\jre\bin\net.dll
0x00007ffe17830000 - 0x00007ffe1793c000 	C:\Windows\SYSTEM32\WINHTTP.dll
0x00007ffe1e630000 - 0x00007ffe1e697000 	C:\Windows\system32\mswsock.dll
0x00007ffdfcb90000 - 0x00007ffdfcba4000 	C:\Program Files\Android\Android Studio\jre\bin\nio.dll
0x00007ffdfcf10000 - 0x00007ffdfcf37000 	C:\Users\Quy\.gradle\native\e1d6ef7f7dcc3fd88c89a11ec53ec762bb8ba0a96d01ffa2cd45eb1d1d8dd5c5\windows-amd64\native-platform.dll
0x00007ffdeb0c0000 - 0x00007ffdeb204000 	C:\Users\Quy\.gradle\native\5664cfc778a61ccfe75a443a1ab52a65af34e5dc3c78e0209fed803814484fcb\windows-amd64\native-platform-file-events.dll
0x00007ffdfcd10000 - 0x00007ffdfcd1a000 	C:\Program Files\Android\Android Studio\jre\bin\management.dll
0x00007ffdfcb80000 - 0x00007ffdfcb8d000 	C:\Program Files\Android\Android Studio\jre\bin\management_ext.dll
0x00007ffe1e900000 - 0x00007ffe1e918000 	C:\Windows\SYSTEM32\CRYPTSP.dll
0x00007ffe1e170000 - 0x00007ffe1e1a5000 	C:\Windows\system32\rsaenh.dll
0x00007ffe1e6d0000 - 0x00007ffe1e6f9000 	C:\Windows\SYSTEM32\USERENV.dll
0x00007ffe1ea40000 - 0x00007ffe1ea67000 	C:\Windows\SYSTEM32\bcrypt.dll
0x00007ffe1e820000 - 0x00007ffe1e82c000 	C:\Windows\SYSTEM32\CRYPTBASE.dll
0x00007ffe1dd00000 - 0x00007ffe1dd2d000 	C:\Windows\SYSTEM32\IPHLPAPI.DLL
0x00007ffe21130000 - 0x00007ffe21139000 	C:\Windows\System32\NSI.dll
0x00007ffe17a20000 - 0x00007ffe17a39000 	C:\Windows\SYSTEM32\dhcpcsvc6.DLL
0x00007ffe17c10000 - 0x00007ffe17c2e000 	C:\Windows\SYSTEM32\dhcpcsvc.DLL
0x00007ffe1dd70000 - 0x00007ffe1de58000 	C:\Windows\SYSTEM32\DNSAPI.dll

dbghelp: loaded successfully - version: 4.0.5 - missing functions: none
symbol engine: initialized successfully - sym options: 0x614 - pdb path: .;C:\Program Files\Android\Android Studio\jre\bin;C:\Windows\SYSTEM32;C:\Windows\WinSxS\amd64_microsoft.windows.common-controls_6595b64144ccf1df_6.0.22000.120_none_9d947278b86cc467;C:\Program Files\Android\Android Studio\jre\bin\server;C:\Users\Quy\.gradle\native\e1d6ef7f7dcc3fd88c89a11ec53ec762bb8ba0a96d01ffa2cd45eb1d1d8dd5c5\windows-amd64;C:\Users\Quy\.gradle\native\5664cfc778a61ccfe75a443a1ab52a65af34e5dc3c78e0209fed803814484fcb\windows-amd64

VM Arguments:
jvm_args: --add-opens=java.base/java.util=ALL-UNNAMED --add-opens=java.base/java.lang=ALL-UNNAMED --add-opens=java.base/java.lang.invoke=ALL-UNNAMED --add-opens=java.base/java.util=ALL-UNNAMED --add-opens=java.prefs/java.util.prefs=ALL-UNNAMED --add-opens=java.prefs/java.util.prefs=ALL-UNNAMED --add-opens=java.base/java.nio.charset=ALL-UNNAMED --add-opens=java.base/java.net=ALL-UNNAMED --add-opens=java.base/java.util.concurrent.atomic=ALL-UNNAMED -Xmx2048m -Dfile.encoding=UTF-8 -Duser.country=GB -Duser.language=en -Duser.variant 
java_command: org.gradle.launcher.daemon.bootstrap.GradleDaemon 7.3.3
java_class_path (initial): C:\Users\Quy\.gradle\wrapper\dists\gradle-7.3.3-bin\6a41zxkdtcxs8rphpq6y0069z\gradle-7.3.3\lib\gradle-launcher-7.3.3.jar
Launcher Type: SUN_STANDARD

[Global flags]
     intx CICompilerCount                          = 3                                         {product} {ergonomic}
     uint ConcGCThreads                            = 1                                         {product} {ergonomic}
     uint G1ConcRefinementThreads                  = 4                                         {product} {ergonomic}
   size_t G1HeapRegionSize                         = 1048576                                   {product} {ergonomic}
    uintx GCDrainStackTargetSize                   = 64                                        {product} {ergonomic}
   size_t InitialHeapSize                          = 134217728                                 {product} {ergonomic}
   size_t MarkStackSize                            = 4194304                                   {product} {ergonomic}
   size_t MaxHeapSize                              = 2147483648                                {product} {command line}
   size_t MaxNewSize                               = 1287651328                                {product} {ergonomic}
   size_t MinHeapDeltaBytes                        = 1048576                                   {product} {ergonomic}
    uintx NonNMethodCodeHeapSize                   = 5830732                                {pd product} {ergonomic}
    uintx NonProfiledCodeHeapSize                  = 122913754                              {pd product} {ergonomic}
    uintx ProfiledCodeHeapSize                     = 122913754                              {pd product} {ergonomic}
    uintx ReservedCodeCacheSize                    = 251658240                              {pd product} {ergonomic}
     bool SegmentedCodeCache                       = true                                      {product} {ergonomic}
     bool UseCompressedClassPointers               = true                                 {lp64_product} {ergonomic}
     bool UseCompressedOops                        = true                                 {lp64_product} {ergonomic}
     bool UseG1GC                                  = true                                      {product} {ergonomic}
     bool UseLargePagesIndividualAllocation        = false                                  {pd product} {ergonomic}

Logging:
Log output configuration:
 #0: stdout all=warning uptime,level,tags
 #1: stderr all=off uptime,level,tags

Environment Variables:
PATH=C:\Program Files\Common Files\Oracle\Java\javapath;C:\Windows\system32;C:\Windows;C:\Windows\System32\Wbem;C:\Windows\System32\WindowsPowerShell\v1.0\;C:\Windows\System32\OpenSSH\;C:\Program Files (x86)\AMD\ATI.ACE\Core-Static;C:\Program Files (x86)\mingw-w64\i686-8.1.0-posix-dwarf-rt_v6-rev0\mingw32\bin;C:\Program Files\Git\cmd;C:\Program Files\Microsoft SQL Server\Client SDK\ODBC\170\Tools\Binn\;C:\Program Files (x86)\Microsoft SQL Server\150\Tools\Binn\;C:\Program Files\Microsoft SQL Server\150\Tools\Binn\;C:\Program Files\Microsoft SQL Server\150\DTS\Binn\;C:\Program Files\dotnet\;C:\Program Files (x86)\Microsoft SQL Server\150\DTS\Binn\;C:\Program Files\Azure Data Studio\bin;C:\Users\Quy\AppData\Local\Programs\Python\Python310\Scripts\;C:\Users\Quy\AppData\Local\Programs\Python\Python310\;C:\Users\Quy\AppData\Local\Microsoft\WindowsApps;C:\Program Files\JetBrains\CLion 2021.2.2\bin;;C:\Program Files\JetBrains\IntelliJ IDEA 2021.2.2\bin;;C:\Program Files\JetBrains\WebStorm 2021.3.1\bin;;C:\Users\Quy\AppData\Local\Programs\Microsoft VS Code\bin;C:\Program Files\Azure Data Studio\bin;C:\Program Files\JetBrains\DataGrip 2021.3.3\bin;;C:\Users\Quy\.dotnet\tools;C:\Program Files\Azure Data Studio\bin;C:\Users\Quy\AppData\Local\GitHubDesktop\bin;C:\Program Files\Azure Data Studio\bin
USERNAME=Quy
OS=Windows_NT
PROCESSOR_IDENTIFIER=Intel64 Family 6 Model 60 Stepping 3, GenuineIntel



---------------  S Y S T E M  ---------------

OS: Windows 10 , 64 bit Build 22000 (10.0.22000.708)
OS uptime: 0 days 0:17 hours
Hyper-V role detected

CPU:total 4 (initial active 4) (2 cores per cpu, 2 threads per core) family 6 model 60 stepping 3 microcode 0x28, cmov, cx8, fxsr, mmx, sse, sse2, sse3, ssse3, sse4.1, sse4.2, popcnt, avx, avx2, aes, clmul, erms, lzcnt, ht, tsc, tscinvbit, bmi1, bmi2, fma

Memory: 4k page, system-wide physical 8128M (1355M free)
TotalPageFile size 11584M (AvailPageFile size 4331M)
current process WorkingSet (physical memory assigned to process): 505M, peak: 505M
current process commit charge ("private bytes"): 533M, peak: 533M

vm_info: OpenJDK 64-Bit Server VM (11.0.12+7-b1504.28-7817840) for windows-amd64 JRE (11.0.12+7-b1504.28-7817840), built on Oct 13 2021 22:12:33 by "builder" with MS VC++ 14.0 (VS2015)

END.
